#
# There is insufficient memory for the Java Runtime Environment to continue.
# Native memory allocation (malloc) failed to allocate 1510096 bytes. Error detail: Chunk::new
# Possible reasons:
#   The system is out of physical RAM or swap space
#   This process is running with CompressedOops enabled, and the Java Heap may be blocking the growth of the native heap
# Possible solutions:
#   Reduce memory load on the system
#   Increase physical memory or swap space
#   Check if swap backing store is full
#   Decrease Java heap size (-Xmx/-Xms)
#   Decrease number of Java threads
#   Decrease Java thread stack sizes (-Xss)
#   Set larger code cache with -XX:ReservedCodeCacheSize=
#   JVM is running with Unscaled Compressed Oops mode in which the Java heap is
#     placed in the first 4GB address space. The Java Heap base address is the
#     maximum limit for the native heap growth. Please use -XX:HeapBaseMinAddress
#     to set the Java Heap base and to place the Java Heap above 4GB virtual address.
# This output file may be truncated or incomplete.
#
#  Out of Memory Error (arena.cpp:168), pid=3160, tid=19524
#
# JRE version: OpenJDK Runtime Environment (21.0.8) (build 21.0.8+-14018985-b1038.68)
# Java VM: OpenJDK 64-Bit Server VM (21.0.8+-14018985-b1038.68, mixed mode, tiered, compressed oops, compressed class ptrs, g1 gc, windows-amd64)
# No core dump will be written. Minidumps are not enabled by default on client versions of Windows
#

---------------  S U M M A R Y ------------

Command Line: --add-opens=java.base/java.lang=ALL-UNNAMED --add-opens=java.base/java.lang.invoke=ALL-UNNAMED --add-opens=java.base/java.util=ALL-UNNAMED --add-opens=java.prefs/java.util.prefs=ALL-UNNAMED --add-exports=jdk.compiler/com.sun.tools.javac.api=ALL-UNNAMED --add-exports=jdk.compiler/com.sun.tools.javac.util=ALL-UNNAMED --add-opens=java.base/java.util=ALL-UNNAMED --add-opens=java.prefs/java.util.prefs=ALL-UNNAMED --add-opens=java.base/java.nio.charset=ALL-UNNAMED --add-opens=java.base/java.net=ALL-UNNAMED --add-opens=java.base/java.util.concurrent.atomic=ALL-UNNAMED --add-opens=java.xml/javax.xml.namespace=ALL-UNNAMED -Xmx2048m -Dfile.encoding=UTF-8 -Duser.country=FR -Duser.language=fr -Duser.variant -javaagent:C:\Users\mariem\.gradle\wrapper\dists\gradle-8.13-bin\5xuhj0ry160q40clulazy9h7d\gradle-8.13\lib\agents\gradle-instrumentation-agent-8.13.jar org.gradle.launcher.daemon.bootstrap.GradleDaemon 8.13

Host: Intel(R) Core(TM) i3-10110U CPU @ 2.10GHz, 4 cores, 7G,  Windows 11 , 64 bit Build 26100 (10.0.26100.6725)
Time: Mon Nov 17 11:02:11 2025 Afr. centrale Ouest elapsed time: 8.063777 seconds (0d 0h 0m 8s)

---------------  T H R E A D  ---------------

Current thread (0x000002714e0ce650):  JavaThread "C2 CompilerThread0" daemon [_thread_in_native, id=19524, stack(0x000000d685d00000,0x000000d685e00000) (1024K)]


Current CompileTask:
C2:8063 3475       4       java.net.URLClassLoader$1::run (5 bytes)

Stack: [0x000000d685d00000,0x000000d685e00000]
Native frames: (J=compiled Java code, j=interpreted, Vv=VM code, C=native code)
V  [jvm.dll+0x6d68d9]
V  [jvm.dll+0x866693]
V  [jvm.dll+0x868c4e]
V  [jvm.dll+0x869333]
V  [jvm.dll+0x280566]
V  [jvm.dll+0xc07cd]
V  [jvm.dll+0xc0d03]
V  [jvm.dll+0x3b961b]
V  [jvm.dll+0x1dfb24]
V  [jvm.dll+0x2493a4]
V  [jvm.dll+0x248821]
V  [jvm.dll+0x1c73a4]
V  [jvm.dll+0x257f9e]
V  [jvm.dll+0x2564e6]
V  [jvm.dll+0x3f4696]
V  [jvm.dll+0x80eac8]
V  [jvm.dll+0x6d512d]
C  [ucrtbase.dll+0x37b0]
C  [KERNEL32.DLL+0x2e8d7]
C  [ntdll.dll+0x8c53c]


---------------  P R O C E S S  ---------------

Threads class SMR info:
_java_thread_list=0x000002714e5035d0, length=31, elements={
0x0000027130cea070, 0x000002714e05d930, 0x000002714e099eb0, 0x000002714e09a520,
0x000002714e09af40, 0x000002714e09f5c0, 0x000002714e09fc30, 0x000002714e0b3b40,
0x000002714e0ce650, 0x000002714e0a2ff0, 0x000002714e41a4d0, 0x000002714fc8ffc0,
0x000002714fc82a70, 0x000002714fedf7f0, 0x000002714fcee8c0, 0x000002714fcdd890,
0x000002714fcdb190, 0x000002714fd44a30, 0x000002714fd443a0, 0x000002714fd450c0,
0x000002714fd43d10, 0x000002714fd45750, 0x000002714fd45de0, 0x000002714fd47190,
0x000002714ffc8de0, 0x000002714fd46b00, 0x00000271504e3270, 0x00000271504e4620,
0x00000271504e1830, 0x00000271504e3900, 0x00000271504e5340
}

Java Threads: ( => current thread )
  0x0000027130cea070 JavaThread "main"                              [_thread_blocked, id=18332, stack(0x000000d684e00000,0x000000d684f00000) (1024K)]
  0x000002714e05d930 JavaThread "Common-Cleaner"             daemon [_thread_blocked, id=24724, stack(0x000000d685600000,0x000000d685700000) (1024K)]
  0x000002714e099eb0 JavaThread "Reference Handler"          daemon [_thread_blocked, id=25332, stack(0x000000d685700000,0x000000d685800000) (1024K)]
  0x000002714e09a520 JavaThread "Finalizer"                  daemon [_thread_blocked, id=13368, stack(0x000000d685800000,0x000000d685900000) (1024K)]
  0x000002714e09af40 JavaThread "Signal Dispatcher"          daemon [_thread_blocked, id=20976, stack(0x000000d685900000,0x000000d685a00000) (1024K)]
  0x000002714e09f5c0 JavaThread "Attach Listener"            daemon [_thread_blocked, id=9584, stack(0x000000d685a00000,0x000000d685b00000) (1024K)]
  0x000002714e09fc30 JavaThread "Service Thread"             daemon [_thread_blocked, id=24080, stack(0x000000d685b00000,0x000000d685c00000) (1024K)]
  0x000002714e0b3b40 JavaThread "Monitor Deflation Thread"   daemon [_thread_blocked, id=8532, stack(0x000000d685c00000,0x000000d685d00000) (1024K)]
=>0x000002714e0ce650 JavaThread "C2 CompilerThread0"         daemon [_thread_in_native, id=19524, stack(0x000000d685d00000,0x000000d685e00000) (1024K)]
  0x000002714e0a2ff0 JavaThread "C1 CompilerThread0"         daemon [_thread_blocked, id=16428, stack(0x000000d685e00000,0x000000d685f00000) (1024K)]
  0x000002714e41a4d0 JavaThread "Notification Thread"        daemon [_thread_blocked, id=17732, stack(0x000000d685f00000,0x000000d686000000) (1024K)]
  0x000002714fc8ffc0 JavaThread "Daemon health stats"               [_thread_blocked, id=24676, stack(0x000000d686000000,0x000000d686100000) (1024K)]
  0x000002714fc82a70 JavaThread "Incoming local TCP Connector on port 44561"        [_thread_in_native, id=23768, stack(0x000000d686400000,0x000000d686500000) (1024K)]
  0x000002714fedf7f0 JavaThread "Daemon periodic checks"            [_thread_blocked, id=9516, stack(0x000000d686500000,0x000000d686600000) (1024K)]
  0x000002714fcee8c0 JavaThread "Daemon"                            [_thread_blocked, id=6596, stack(0x000000d686600000,0x000000d686700000) (1024K)]
  0x000002714fcdd890 JavaThread "Handler for socket connection from /127.0.0.1:44561 to /127.0.0.1:44562"        [_thread_in_native, id=19384, stack(0x000000d686700000,0x000000d686800000) (1024K)]
  0x000002714fcdb190 JavaThread "Cancel handler"                    [_thread_blocked, id=12588, stack(0x000000d686800000,0x000000d686900000) (1024K)]
  0x000002714fd44a30 JavaThread "Daemon worker"                     [_thread_in_Java, id=10204, stack(0x000000d686900000,0x000000d686a00000) (1024K)]
  0x000002714fd443a0 JavaThread "Asynchronous log dispatcher for DefaultDaemonConnection: socket connection from /127.0.0.1:44561 to /127.0.0.1:44562"        [_thread_blocked, id=13584, stack(0x000000d686a00000,0x000000d686b00000) (1024K)]
  0x000002714fd450c0 JavaThread "Stdin handler"                     [_thread_blocked, id=4236, stack(0x000000d686b00000,0x000000d686c00000) (1024K)]
  0x000002714fd43d10 JavaThread "Daemon client event forwarder"        [_thread_blocked, id=24884, stack(0x000000d686c00000,0x000000d686d00000) (1024K)]
  0x000002714fd45750 JavaThread "Cache worker for journal cache (C:\Users\mariem\.gradle\caches\journal-1)"        [_thread_blocked, id=22808, stack(0x000000d686d00000,0x000000d686e00000) (1024K)]
  0x000002714fd45de0 JavaThread "File lock request listener"        [_thread_in_native, id=13732, stack(0x000000d686e00000,0x000000d686f00000) (1024K)]
  0x000002714fd47190 JavaThread "Cache worker for file hash cache (C:\Users\mariem\.gradle\caches\8.13\fileHashes)"        [_thread_blocked, id=4932, stack(0x000000d686f00000,0x000000d687000000) (1024K)]
  0x000002714ffc8de0 JavaThread "C2 CompilerThread1"         daemon [_thread_in_native, id=22152, stack(0x000000d687000000,0x000000d687100000) (1024K)]
  0x000002714fd46b00 JavaThread "Cache worker for file hash cache (C:\Users\mariem\AndroidStudioProjects\TravelApp\.gradle\8.13\fileHashes)"        [_thread_blocked, id=16724, stack(0x000000d687100000,0x000000d687200000) (1024K)]
  0x00000271504e3270 JavaThread "Cache worker for Build Output Cleanup Cache (C:\Users\mariem\AndroidStudioProjects\TravelApp\.gradle\buildOutputCleanup)"        [_thread_blocked, id=18196, stack(0x000000d687200000,0x000000d687300000) (1024K)]
  0x00000271504e4620 JavaThread "File watcher server"        daemon [_thread_in_native, id=10996, stack(0x000000d687300000,0x000000d687400000) (1024K)]
  0x00000271504e1830 JavaThread "File watcher consumer"      daemon [_thread_blocked, id=20424, stack(0x000000d687400000,0x000000d687500000) (1024K)]
  0x00000271504e3900 JavaThread "jar transforms"                    [_thread_blocked, id=14616, stack(0x000000d687500000,0x000000d687600000) (1024K)]
  0x00000271504e5340 JavaThread "jar transforms Thread 2"           [_thread_blocked, id=7668, stack(0x000000d687600000,0x000000d687700000) (1024K)]
Total: 31

Other Threads:
  0x0000027149c349e0 VMThread "VM Thread"                           [id=21900, stack(0x000000d685500000,0x000000d685600000) (1024K)]
  0x0000027149bdd210 WatcherThread "VM Periodic Task Thread"        [id=20856, stack(0x000000d685400000,0x000000d685500000) (1024K)]
  0x0000027130d43280 WorkerThread "GC Thread#0"                     [id=22688, stack(0x000000d684f00000,0x000000d685000000) (1024K)]
  0x000002714e4f30a0 WorkerThread "GC Thread#1"                     [id=19008, stack(0x000000d686100000,0x000000d686200000) (1024K)]
  0x000002714e739ac0 WorkerThread "GC Thread#2"                     [id=7632, stack(0x000000d686200000,0x000000d686300000) (1024K)]
  0x000002714f163da0 WorkerThread "GC Thread#3"                     [id=15036, stack(0x000000d686300000,0x000000d686400000) (1024K)]
  0x0000027130d54440 ConcurrentGCThread "G1 Main Marker"            [id=3388, stack(0x000000d685000000,0x000000d685100000) (1024K)]
  0x0000027130d56870 WorkerThread "G1 Conc#0"                       [id=12636, stack(0x000000d685100000,0x000000d685200000) (1024K)]
  0x0000027149aafce0 ConcurrentGCThread "G1 Refine#0"               [id=19344, stack(0x000000d685200000,0x000000d685300000) (1024K)]
  0x0000027149ab0110 ConcurrentGCThread "G1 Service"                [id=14056, stack(0x000000d685300000,0x000000d685400000) (1024K)]
Total: 10

Threads with active compile tasks:
C2 CompilerThread0  8110 3475       4       java.net.URLClassLoader$1::run (5 bytes)
C1 CompilerThread0  8110 3630       3       java.lang.Class::privateGetPublicMethods (224 bytes)
C2 CompilerThread1  8110 3582       4       java.util.Spliterators$IteratorSpliterator::tryAdvance (77 bytes)
Total: 3

VM state: not at safepoint (normal execution)

VM Mutex/Monitor currently owned by a thread:  ([mutex/lock_event])
[0x00007ff8038f7038] MethodCompileQueue_lock - owner thread: 0x000002714e0a2ff0
[0x00007ff8038f84b8] CodeCache_lock - owner thread: 0x000002714e0a2ff0

Heap address: 0x0000000080000000, size: 2048 MB, Compressed Oops mode: 32-bit

CDS archive(s) not mapped
Compressed class space mapped at: 0x0000000100000000-0x0000000140000000, reserved size: 1073741824
Narrow klass base: 0x0000000000000000, Narrow klass shift: 3, Narrow klass range: 0x140000000

GC Precious Log:
 CardTable entry size: 512
 Card Set container configuration: InlinePtr #cards 5 size 8 Array Of Cards #cards 12 size 40 Howl #buckets 4 coarsen threshold 1843 Howl Bitmap #cards 512 size 80 coarsen threshold 460 Card regions per heap region 1 cards per card region 2048
 CPUs: 4 total, 4 available
 Memory: 8025M
 Large Page Support: Disabled
 NUMA Support: Disabled
 Compressed Oops: Enabled (32-bit)
 Heap Region Size: 1M
 Heap Min Capacity: 8M
 Heap Initial Capacity: 126M
 Heap Max Capacity: 2G
 Pre-touch: Disabled
 Parallel Workers: 4
 Concurrent Workers: 1
 Concurrent Refinement Workers: 4
 Periodic GC: Disabled

Heap:
 garbage-first heap   total 71680K, used 50158K [0x0000000080000000, 0x0000000100000000)
  region size 1024K, 26 young (26624K), 1 survivors (1024K)
 Metaspace       used 39125K, committed 40000K, reserved 1114112K
  class space    used 5531K, committed 5952K, reserved 1048576K

Heap Regions: E=young(eden), S=young(survivor), O=old, HS=humongous(starts), HC=humongous(continues), CS=collection set, F=free, TAMS=top-at-mark-start, PB=parsable bottom
|   0|0x0000000080000000, 0x0000000080100000, 0x0000000080100000|100%|HS|  |TAMS 0x0000000080000000| PB 0x0000000080000000| Complete 
|   1|0x0000000080100000, 0x0000000080200000, 0x0000000080200000|100%|HC|  |TAMS 0x0000000080100000| PB 0x0000000080100000| Complete 
|   2|0x0000000080200000, 0x0000000080300000, 0x0000000080300000|100%|HC|  |TAMS 0x0000000080200000| PB 0x0000000080200000| Complete 
|   3|0x0000000080300000, 0x0000000080400000, 0x0000000080400000|100%| O|  |TAMS 0x0000000080300000| PB 0x0000000080300000| Untracked 
|   4|0x0000000080400000, 0x0000000080500000, 0x0000000080500000|100%| O|  |TAMS 0x0000000080400000| PB 0x0000000080400000| Untracked 
|   5|0x0000000080500000, 0x0000000080600000, 0x0000000080600000|100%| O|  |TAMS 0x0000000080500000| PB 0x0000000080500000| Untracked 
|   6|0x0000000080600000, 0x0000000080700000, 0x0000000080700000|100%| O|  |TAMS 0x0000000080600000| PB 0x0000000080600000| Untracked 
|   7|0x0000000080700000, 0x0000000080800000, 0x0000000080800000|100%|HS|  |TAMS 0x0000000080700000| PB 0x0000000080700000| Complete 
|   8|0x0000000080800000, 0x0000000080900000, 0x0000000080900000|100%| O|  |TAMS 0x0000000080800000| PB 0x0000000080800000| Untracked 
|   9|0x0000000080900000, 0x0000000080a00000, 0x0000000080a00000|100%| O|  |TAMS 0x0000000080900000| PB 0x0000000080900000| Untracked 
|  10|0x0000000080a00000, 0x0000000080b00000, 0x0000000080b00000|100%| O|  |TAMS 0x0000000080a00000| PB 0x0000000080a00000| Untracked 
|  11|0x0000000080b00000, 0x0000000080c00000, 0x0000000080c00000|100%| O|  |TAMS 0x0000000080b00000| PB 0x0000000080b00000| Untracked 
|  12|0x0000000080c00000, 0x0000000080d00000, 0x0000000080d00000|100%| O|  |TAMS 0x0000000080c00000| PB 0x0000000080c00000| Untracked 
|  13|0x0000000080d00000, 0x0000000080e00000, 0x0000000080e00000|100%| O|  |TAMS 0x0000000080d00000| PB 0x0000000080d00000| Untracked 
|  14|0x0000000080e00000, 0x0000000080f00000, 0x0000000080f00000|100%| O|  |TAMS 0x0000000080e00000| PB 0x0000000080e00000| Untracked 
|  15|0x0000000080f00000, 0x0000000081000000, 0x0000000081000000|100%| O|  |TAMS 0x0000000080f00000| PB 0x0000000080f00000| Untracked 
|  16|0x0000000081000000, 0x0000000081100000, 0x0000000081100000|100%| O|  |TAMS 0x0000000081000000| PB 0x0000000081000000| Untracked 
|  17|0x0000000081100000, 0x00000000811cd900, 0x0000000081200000| 80%| O|Cm|TAMS 0x0000000081100000| PB 0x0000000081100000| Complete 
|  18|0x0000000081200000, 0x0000000081300000, 0x0000000081300000|100%| O|  |TAMS 0x0000000081200000| PB 0x0000000081200000| Untracked 
|  19|0x0000000081300000, 0x0000000081400000, 0x0000000081400000|100%| O|  |TAMS 0x0000000081300000| PB 0x0000000081300000| Untracked 
|  20|0x0000000081400000, 0x0000000081500000, 0x0000000081500000|100%| O|  |TAMS 0x0000000081400000| PB 0x0000000081400000| Untracked 
|  21|0x0000000081500000, 0x0000000081600000, 0x0000000081600000|100%| O|  |TAMS 0x0000000081500000| PB 0x0000000081500000| Untracked 
|  22|0x0000000081600000, 0x0000000081700000, 0x0000000081700000|100%| O|  |TAMS 0x0000000081600000| PB 0x0000000081600000| Untracked 
|  23|0x0000000081700000, 0x0000000081800000, 0x0000000081800000|100%| O|  |TAMS 0x0000000081700000| PB 0x0000000081700000| Untracked 
|  24|0x0000000081800000, 0x000000008182e150, 0x0000000081900000| 18%| O|  |TAMS 0x0000000081800000| PB 0x0000000081800000| Untracked 
|  25|0x0000000081900000, 0x0000000081900000, 0x0000000081a00000|  0%| F|  |TAMS 0x0000000081900000| PB 0x0000000081900000| Untracked 
|  26|0x0000000081a00000, 0x0000000081a00000, 0x0000000081b00000|  0%| F|  |TAMS 0x0000000081a00000| PB 0x0000000081a00000| Untracked 
|  27|0x0000000081b00000, 0x0000000081b00000, 0x0000000081c00000|  0%| F|  |TAMS 0x0000000081b00000| PB 0x0000000081b00000| Untracked 
|  28|0x0000000081c00000, 0x0000000081c00000, 0x0000000081d00000|  0%| F|  |TAMS 0x0000000081c00000| PB 0x0000000081c00000| Untracked 
|  29|0x0000000081d00000, 0x0000000081d00000, 0x0000000081e00000|  0%| F|  |TAMS 0x0000000081d00000| PB 0x0000000081d00000| Untracked 
|  30|0x0000000081e00000, 0x0000000081e00000, 0x0000000081f00000|  0%| F|  |TAMS 0x0000000081e00000| PB 0x0000000081e00000| Untracked 
|  31|0x0000000081f00000, 0x0000000081f00000, 0x0000000082000000|  0%| F|  |TAMS 0x0000000081f00000| PB 0x0000000081f00000| Untracked 
|  32|0x0000000082000000, 0x0000000082000000, 0x0000000082100000|  0%| F|  |TAMS 0x0000000082000000| PB 0x0000000082000000| Untracked 
|  33|0x0000000082100000, 0x0000000082100000, 0x0000000082200000|  0%| F|  |TAMS 0x0000000082100000| PB 0x0000000082100000| Untracked 
|  34|0x0000000082200000, 0x0000000082200000, 0x0000000082300000|  0%| F|  |TAMS 0x0000000082200000| PB 0x0000000082200000| Untracked 
|  35|0x0000000082300000, 0x0000000082300000, 0x0000000082400000|  0%| F|  |TAMS 0x0000000082300000| PB 0x0000000082300000| Untracked 
|  36|0x0000000082400000, 0x0000000082400000, 0x0000000082500000|  0%| F|  |TAMS 0x0000000082400000| PB 0x0000000082400000| Untracked 
|  37|0x0000000082500000, 0x0000000082500000, 0x0000000082600000|  0%| F|  |TAMS 0x0000000082500000| PB 0x0000000082500000| Untracked 
|  38|0x0000000082600000, 0x0000000082600000, 0x0000000082700000|  0%| F|  |TAMS 0x0000000082600000| PB 0x0000000082600000| Untracked 
|  39|0x0000000082700000, 0x0000000082700000, 0x0000000082800000|  0%| F|  |TAMS 0x0000000082700000| PB 0x0000000082700000| Untracked 
|  40|0x0000000082800000, 0x0000000082800000, 0x0000000082900000|  0%| F|  |TAMS 0x0000000082800000| PB 0x0000000082800000| Untracked 
|  41|0x0000000082900000, 0x0000000082900000, 0x0000000082a00000|  0%| F|  |TAMS 0x0000000082900000| PB 0x0000000082900000| Untracked 
|  42|0x0000000082a00000, 0x0000000082a00000, 0x0000000082b00000|  0%| F|  |TAMS 0x0000000082a00000| PB 0x0000000082a00000| Untracked 
|  43|0x0000000082b00000, 0x0000000082b00000, 0x0000000082c00000|  0%| F|  |TAMS 0x0000000082b00000| PB 0x0000000082b00000| Untracked 
|  44|0x0000000082c00000, 0x0000000082d00000, 0x0000000082d00000|100%| E|  |TAMS 0x0000000082c00000| PB 0x0000000082c00000| Complete 
|  45|0x0000000082d00000, 0x0000000082e00000, 0x0000000082e00000|100%| E|CS|TAMS 0x0000000082d00000| PB 0x0000000082d00000| Complete 
|  46|0x0000000082e00000, 0x0000000082f00000, 0x0000000082f00000|100%| E|CS|TAMS 0x0000000082e00000| PB 0x0000000082e00000| Complete 
|  47|0x0000000082f00000, 0x0000000083000000, 0x0000000083000000|100%| E|CS|TAMS 0x0000000082f00000| PB 0x0000000082f00000| Complete 
|  48|0x0000000083000000, 0x0000000083100000, 0x0000000083100000|100%| E|CS|TAMS 0x0000000083000000| PB 0x0000000083000000| Complete 
|  49|0x0000000083100000, 0x0000000083200000, 0x0000000083200000|100%| E|CS|TAMS 0x0000000083100000| PB 0x0000000083100000| Complete 
|  50|0x0000000083200000, 0x0000000083300000, 0x0000000083300000|100%| E|CS|TAMS 0x0000000083200000| PB 0x0000000083200000| Complete 
|  51|0x0000000083300000, 0x0000000083400000, 0x0000000083400000|100%| E|CS|TAMS 0x0000000083300000| PB 0x0000000083300000| Complete 
|  52|0x0000000083400000, 0x0000000083500000, 0x0000000083500000|100%| S|CS|TAMS 0x0000000083400000| PB 0x0000000083400000| Complete 
|  53|0x0000000083500000, 0x0000000083600000, 0x0000000083600000|100%| E|CS|TAMS 0x0000000083500000| PB 0x0000000083500000| Complete 
|  54|0x0000000083600000, 0x0000000083700000, 0x0000000083700000|100%| E|CS|TAMS 0x0000000083600000| PB 0x0000000083600000| Complete 
|  55|0x0000000083700000, 0x0000000083800000, 0x0000000083800000|100%| E|CS|TAMS 0x0000000083700000| PB 0x0000000083700000| Complete 
|  56|0x0000000083800000, 0x0000000083900000, 0x0000000083900000|100%| E|CS|TAMS 0x0000000083800000| PB 0x0000000083800000| Complete 
|  57|0x0000000083900000, 0x0000000083a00000, 0x0000000083a00000|100%| E|CS|TAMS 0x0000000083900000| PB 0x0000000083900000| Complete 
|  58|0x0000000083a00000, 0x0000000083b00000, 0x0000000083b00000|100%| E|CS|TAMS 0x0000000083a00000| PB 0x0000000083a00000| Complete 
|  59|0x0000000083b00000, 0x0000000083c00000, 0x0000000083c00000|100%| E|CS|TAMS 0x0000000083b00000| PB 0x0000000083b00000| Complete 
|  60|0x0000000083c00000, 0x0000000083d00000, 0x0000000083d00000|100%| E|CS|TAMS 0x0000000083c00000| PB 0x0000000083c00000| Complete 
|  61|0x0000000083d00000, 0x0000000083e00000, 0x0000000083e00000|100%| E|CS|TAMS 0x0000000083d00000| PB 0x0000000083d00000| Complete 
|  62|0x0000000083e00000, 0x0000000083f00000, 0x0000000083f00000|100%| E|CS|TAMS 0x0000000083e00000| PB 0x0000000083e00000| Complete 
|  63|0x0000000083f00000, 0x0000000084000000, 0x0000000084000000|100%| E|CS|TAMS 0x0000000083f00000| PB 0x0000000083f00000| Complete 
|  64|0x0000000084000000, 0x0000000084100000, 0x0000000084100000|100%| E|CS|TAMS 0x0000000084000000| PB 0x0000000084000000| Complete 
| 104|0x0000000086800000, 0x0000000086900000, 0x0000000086900000|100%| E|CS|TAMS 0x0000000086800000| PB 0x0000000086800000| Complete 
| 105|0x0000000086900000, 0x0000000086a00000, 0x0000000086a00000|100%| E|CS|TAMS 0x0000000086900000| PB 0x0000000086900000| Complete 
| 106|0x0000000086a00000, 0x0000000086b00000, 0x0000000086b00000|100%| E|CS|TAMS 0x0000000086a00000| PB 0x0000000086a00000| Complete 
| 124|0x0000000087c00000, 0x0000000087d00000, 0x0000000087d00000|100%| E|CS|TAMS 0x0000000087c00000| PB 0x0000000087c00000| Complete 
| 125|0x0000000087d00000, 0x0000000087e00000, 0x0000000087e00000|100%| E|CS|TAMS 0x0000000087d00000| PB 0x0000000087d00000| Complete 

Card table byte_map: [0x00000271451b0000,0x00000271455b0000] _byte_map_base: 0x0000027144db0000

Marking Bits: (CMBitMap*) 0x0000027130d43890
 Bits: [0x00000271455b0000, 0x00000271475b0000)

Polling page: 0x0000027130db0000

Metaspace:

Usage:
  Non-class:     32.81 MB used.
      Class:      5.40 MB used.
       Both:     38.22 MB used.

Virtual space:
  Non-class space:       64.00 MB reserved,      33.25 MB ( 52%) committed,  1 nodes.
      Class space:        1.00 GB reserved,       5.81 MB ( <1%) committed,  1 nodes.
             Both:        1.06 GB reserved,      39.06 MB (  4%) committed. 

Chunk freelists:
   Non-Class:  13.94 MB
       Class:  10.16 MB
        Both:  24.10 MB

MaxMetaspaceSize: unlimited
CompressedClassSpaceSize: 1.00 GB
Initial GC threshold: 21.00 MB
Current GC threshold: 58.88 MB
CDS: off
 - commit_granule_bytes: 65536.
 - commit_granule_words: 8192.
 - virtual_space_node_default_size: 8388608.
 - enlarge_chunks_in_place: 1.
 - use_allocation_guard: 0.


Internal statistics:

num_allocs_failed_limit: 6.
num_arena_births: 1504.
num_arena_deaths: 0.
num_vsnodes_births: 2.
num_vsnodes_deaths: 0.
num_space_committed: 625.
num_space_uncommitted: 0.
num_chunks_returned_to_freelist: 6.
num_chunks_taken_from_freelist: 2850.
num_chunk_merges: 6.
num_chunk_splits: 1806.
num_chunks_enlarged: 1124.
num_inconsistent_stats: 0.

CodeHeap 'non-profiled nmethods': size=120000Kb used=1876Kb max_used=1967Kb free=118123Kb
 bounds [0x000002713d260000, 0x000002713d4d0000, 0x0000027144790000]
CodeHeap 'profiled nmethods': size=120000Kb used=6213Kb max_used=6494Kb free=113786Kb
 bounds [0x0000027135790000, 0x0000027135e00000, 0x000002713ccc0000]
CodeHeap 'non-nmethods': size=5760Kb used=1495Kb max_used=1619Kb free=4264Kb
 bounds [0x000002713ccc0000, 0x000002713cf30000, 0x000002713d260000]
CodeCache: size=245760Kb, used=9584Kb, max_used=10080Kb, free=236173Kb
 total_blobs=3803, nmethods=3218, adapters=489, full_count=0
Compilation: enabled, stopped_count=0, restarted_count=0

Compilation events (20 events):
Event: 7.984 Thread 0x000002714e0a2ff0 3545       1       java.lang.ClassValue$ClassValueMap::getCache (5 bytes)
Event: 7.985 Thread 0x000002714e0a2ff0 nmethod 3545 0x000002713d305410 code [0x000002713d3055a0, 0x000002713d305668]
Event: 8.017 Thread 0x000002714e0a2ff0 3546       3       jdk.internal.module.Builder::newExports (11 bytes)
Event: 8.017 Thread 0x000002714e0a2ff0 nmethod 3546 0x0000027135b31510 code [0x0000027135b316c0, 0x0000027135b31808]
Event: 8.017 Thread 0x000002714e0a2ff0 3548       3       java.util.ImmutableCollections$SetN::hashCode (46 bytes)
Event: 8.018 Thread 0x000002714e0a2ff0 nmethod 3548 0x0000027135906410 code [0x00000271359065c0, 0x0000027135906890]
Event: 8.018 Thread 0x000002714e0a2ff0 3549       3       java.lang.module.ModuleDescriptor$Exports::hashCode (36 bytes)
Event: 8.018 Thread 0x000002714e0a2ff0 nmethod 3549 0x0000027135905c10 code [0x0000027135905de0, 0x0000027135906060]
Event: 8.018 Thread 0x000002714e0a2ff0 3547       3       java.lang.module.ModuleDescriptor$1::newExports (14 bytes)
Event: 8.018 Thread 0x000002714e0a2ff0 nmethod 3547 0x00000271357c1790 code [0x00000271357c1960, 0x00000271357c1cf8]
Event: 8.018 Thread 0x000002714e0a2ff0 3551       3       jdk.internal.module.Builder::newExports (12 bytes)
Event: 8.018 Thread 0x000002714e0a2ff0 nmethod 3551 0x00000271357c1390 code [0x00000271357c1540, 0x00000271357c1698]
Event: 8.018 Thread 0x000002714e0a2ff0 3552       3       jdk.internal.module.Builder::newRequires (7 bytes)
Event: 8.019 Thread 0x000002714e0a2ff0 nmethod 3552 0x0000027135bf6a10 code [0x0000027135bf6bc0, 0x0000027135bf6ce8]
Event: 8.019 Thread 0x000002714e0a2ff0 3550       1       java.lang.module.ModuleDescriptor$Version::toString (5 bytes)
Event: 8.019 Thread 0x000002714e0a2ff0 nmethod 3550 0x000002713d305110 code [0x000002713d3052a0, 0x000002713d305368]
Event: 8.019 Thread 0x000002714e0a2ff0 3553       3       java.net.URI::hash (33 bytes)
Event: 8.019 Thread 0x000002714e0a2ff0 nmethod 3553 0x00000271357c0d90 code [0x00000271357c0f80, 0x00000271357c1248]
Event: 8.019 Thread 0x000002714e0a2ff0 3554       3       java.net.URI::toLower (19 bytes)
Event: 8.019 Thread 0x000002714e0a2ff0 nmethod 3554 0x00000271357c0890 code [0x00000271357c0a40, 0x00000271357c0bc0]

GC Heap History (14 events):
Event: 0.552 GC heap before
{Heap before GC invocations=0 (full 0):
 garbage-first heap   total 129024K, used 13312K [0x0000000080000000, 0x0000000100000000)
  region size 1024K, 13 young (13312K), 0 survivors (0K)
 Metaspace       used 7490K, committed 7616K, reserved 1114112K
  class space    used 701K, committed 768K, reserved 1048576K
}
Event: 0.557 GC heap after
{Heap after GC invocations=1 (full 0):
 garbage-first heap   total 129024K, used 1322K [0x0000000080000000, 0x0000000100000000)
  region size 1024K, 2 young (2048K), 2 survivors (2048K)
 Metaspace       used 7490K, committed 7616K, reserved 1114112K
  class space    used 701K, committed 768K, reserved 1048576K
}
Event: 1.385 GC heap before
{Heap before GC invocations=1 (full 0):
 garbage-first heap   total 129024K, used 28970K [0x0000000080000000, 0x0000000100000000)
  region size 1024K, 27 young (27648K), 2 survivors (2048K)
 Metaspace       used 11323K, committed 11456K, reserved 1114112K
  class space    used 1230K, committed 1280K, reserved 1048576K
}
Event: 1.393 GC heap after
{Heap after GC invocations=2 (full 0):
 garbage-first heap   total 129024K, used 10622K [0x0000000080000000, 0x0000000100000000)
  region size 1024K, 4 young (4096K), 4 survivors (4096K)
 Metaspace       used 11323K, committed 11456K, reserved 1114112K
  class space    used 1230K, committed 1280K, reserved 1048576K
}
Event: 2.966 GC heap before
{Heap before GC invocations=2 (full 0):
 garbage-first heap   total 129024K, used 84350K [0x0000000080000000, 0x0000000100000000)
  region size 1024K, 75 young (76800K), 4 survivors (4096K)
 Metaspace       used 16275K, committed 16576K, reserved 1114112K
  class space    used 1882K, committed 1984K, reserved 1048576K
}
Event: 2.975 GC heap after
{Heap after GC invocations=3 (full 0):
 garbage-first heap   total 129024K, used 18156K [0x0000000080000000, 0x0000000100000000)
  region size 1024K, 10 young (10240K), 10 survivors (10240K)
 Metaspace       used 16275K, committed 16576K, reserved 1114112K
  class space    used 1882K, committed 1984K, reserved 1048576K
}
Event: 4.003 GC heap before
{Heap before GC invocations=3 (full 0):
 garbage-first heap   total 129024K, used 36588K [0x0000000080000000, 0x0000000100000000)
  region size 1024K, 29 young (29696K), 10 survivors (10240K)
 Metaspace       used 21206K, committed 21504K, reserved 1114112K
  class space    used 2535K, committed 2688K, reserved 1048576K
}
Event: 4.016 GC heap after
{Heap after GC invocations=4 (full 0):
 garbage-first heap   total 129024K, used 20584K [0x0000000080000000, 0x0000000100000000)
  region size 1024K, 3 young (3072K), 3 survivors (3072K)
 Metaspace       used 21206K, committed 21504K, reserved 1114112K
  class space    used 2535K, committed 2688K, reserved 1048576K
}
Event: 5.118 GC heap before
{Heap before GC invocations=5 (full 0):
 garbage-first heap   total 71680K, used 60520K [0x0000000080000000, 0x0000000100000000)
  region size 1024K, 42 young (43008K), 3 survivors (3072K)
 Metaspace       used 28042K, committed 28544K, reserved 1114112K
  class space    used 3621K, committed 3840K, reserved 1048576K
}
Event: 5.125 GC heap after
{Heap after GC invocations=6 (full 0):
 garbage-first heap   total 71680K, used 22473K [0x0000000080000000, 0x0000000100000000)
  region size 1024K, 5 young (5120K), 5 survivors (5120K)
 Metaspace       used 28042K, committed 28544K, reserved 1114112K
  class space    used 3621K, committed 3840K, reserved 1048576K
}
Event: 6.945 GC heap before
{Heap before GC invocations=6 (full 0):
 garbage-first heap   total 71680K, used 58313K [0x0000000080000000, 0x0000000100000000)
  region size 1024K, 40 young (40960K), 5 survivors (5120K)
 Metaspace       used 32678K, committed 33472K, reserved 1114112K
  class space    used 4454K, committed 4800K, reserved 1048576K
}
Event: 6.959 GC heap after
{Heap after GC invocations=7 (full 0):
 garbage-first heap   total 71680K, used 24938K [0x0000000080000000, 0x0000000100000000)
  region size 1024K, 5 young (5120K), 5 survivors (5120K)
 Metaspace       used 32678K, committed 33472K, reserved 1114112K
  class space    used 4454K, committed 4800K, reserved 1048576K
}
Event: 7.282 GC heap before
{Heap before GC invocations=7 (full 0):
 garbage-first heap   total 71680K, used 41322K [0x0000000080000000, 0x0000000100000000)
  region size 1024K, 22 young (22528K), 5 survivors (5120K)
 Metaspace       used 35214K, committed 35968K, reserved 1114112K
  class space    used 4881K, committed 5248K, reserved 1048576K
}
Event: 7.293 GC heap after
{Heap after GC invocations=8 (full 0):
 garbage-first heap   total 71680K, used 25582K [0x0000000080000000, 0x0000000100000000)
  region size 1024K, 1 young (1024K), 1 survivors (1024K)
 Metaspace       used 35214K, committed 35968K, reserved 1114112K
  class space    used 4881K, committed 5248K, reserved 1048576K
}

Dll operation events (3 events):
Event: 0.021 Loaded shared library C:\Program Files\Android\Android Studio\jbr\bin\java.dll
Event: 0.030 Loaded shared library C:\Program Files\Android\Android Studio\jbr\bin\zip.dll
Event: 0.902 Loaded shared library C:\Program Files\Android\Android Studio\jbr\bin\verify.dll

Deoptimization events (20 events):
Event: 7.939 Thread 0x000002714fd44a30 Uncommon trap: trap_request=0xffffffc6 fr.pc=0x000002713d355c70 relative=0x0000000000000510
Event: 7.939 Thread 0x000002714fd44a30 Uncommon trap: reason=bimorphic_or_optimized_type_check action=maybe_recompile pc=0x000002713d355c70 method=java.io.BufferedInputStream.implRead([BII)I @ 100 c2
Event: 7.939 Thread 0x000002714fd44a30 DEOPT PACKING pc=0x000002713d355c70 sp=0x000000d6869f8730
Event: 7.939 Thread 0x000002714fd44a30 DEOPT UNPACKING pc=0x000002713cd146a2 sp=0x000000d6869f86f8 mode 2
Event: 7.980 Thread 0x000002714fd44a30 Uncommon trap: trap_request=0xffffff45 fr.pc=0x000002713d38832c relative=0x000000000000068c
Event: 7.980 Thread 0x000002714fd44a30 Uncommon trap: reason=unstable_if action=reinterpret pc=0x000002713d38832c method=jdk.internal.org.objectweb.asm.MethodWriter.visitVarInsn(II)V @ 108 c2
Event: 7.980 Thread 0x000002714fd44a30 DEOPT PACKING pc=0x000002713d38832c sp=0x000000d6869f0410
Event: 7.980 Thread 0x000002714fd44a30 DEOPT UNPACKING pc=0x000002713cd146a2 sp=0x000000d6869f03d8 mode 2
Event: 7.980 Thread 0x000002714fd44a30 Uncommon trap: trap_request=0xffffff45 fr.pc=0x000002713d432abc relative=0x000000000000049c
Event: 7.980 Thread 0x000002714fd44a30 Uncommon trap: reason=unstable_if action=reinterpret pc=0x000002713d432abc method=jdk.internal.org.objectweb.asm.MethodWriter.visitMethodInsn(ILjava/lang/String;Ljava/lang/String;Ljava/lang/String;Z)V @ 81 c2
Event: 7.980 Thread 0x000002714fd44a30 DEOPT PACKING pc=0x000002713d432abc sp=0x000000d6869f0400
Event: 7.980 Thread 0x000002714fd44a30 DEOPT UNPACKING pc=0x000002713cd146a2 sp=0x000000d6869f03a0 mode 2
Event: 7.980 Thread 0x000002714fd44a30 Uncommon trap: trap_request=0xffffff45 fr.pc=0x000002713d436ad4 relative=0x00000000000009b4
Event: 7.980 Thread 0x000002714fd44a30 Uncommon trap: reason=unstable_if action=reinterpret pc=0x000002713d436ad4 method=jdk.internal.org.objectweb.asm.MethodWriter.visitInsn(I)V @ 24 c2
Event: 7.980 Thread 0x000002714fd44a30 DEOPT PACKING pc=0x000002713d436ad4 sp=0x000000d6869f03f0
Event: 7.980 Thread 0x000002714fd44a30 DEOPT UNPACKING pc=0x000002713cd146a2 sp=0x000000d6869f03d8 mode 2
Event: 7.982 Thread 0x000002714fd44a30 Uncommon trap: trap_request=0xffffff45 fr.pc=0x000002713d3ec42c relative=0x000000000000146c
Event: 7.982 Thread 0x000002714fd44a30 Uncommon trap: reason=unstable_if action=reinterpret pc=0x000002713d3ec42c method=java.lang.invoke.LambdaForm.useCount(Ljava/lang/invoke/LambdaForm$Name;)I @ 8 c2
Event: 7.982 Thread 0x000002714fd44a30 DEOPT PACKING pc=0x000002713d3ec42c sp=0x000000d6869f5e20
Event: 7.982 Thread 0x000002714fd44a30 DEOPT UNPACKING pc=0x000002713cd146a2 sp=0x000000d6869f5c80 mode 2

Classes loaded (20 events):
Event: 7.966 Loading class java/security/AccessControlException
Event: 7.966 Loading class java/security/AccessControlException done
Event: 7.978 Loading class java/lang/invoke/MethodHandleImpl$BindCaller
Event: 7.979 Loading class java/lang/invoke/MethodHandleImpl$BindCaller done
Event: 7.979 Loading class java/lang/invoke/MethodHandleImpl$BindCaller$1
Event: 7.979 Loading class java/lang/invoke/MethodHandleImpl$BindCaller$1 done
Event: 7.981 Loading class java/lang/invoke/MethodHandleImpl$BindCaller$InjectedInvokerHolder
Event: 7.981 Loading class java/lang/invoke/MethodHandleImpl$BindCaller$InjectedInvokerHolder done
Event: 7.981 Loading class java/util/Collections$CopiesList
Event: 7.981 Loading class java/util/Collections$CopiesList done
Event: 7.984 Loading class java/util/LinkedList$ListItr
Event: 7.984 Loading class java/util/LinkedList$ListItr done
Event: 8.004 Loading class java/lang/reflect/GenericSignatureFormatError
Event: 8.005 Loading class java/lang/ClassFormatError
Event: 8.005 Loading class java/lang/ClassFormatError done
Event: 8.005 Loading class java/lang/reflect/GenericSignatureFormatError done
Event: 8.005 Loading class java/lang/reflect/MalformedParameterizedTypeException
Event: 8.005 Loading class java/lang/reflect/MalformedParameterizedTypeException done
Event: 8.016 Loading class java/lang/IllegalCallerException
Event: 8.016 Loading class java/lang/IllegalCallerException done

Classes unloaded (0 events):
No events

Classes redefined (0 events):
No events

Internal exceptions (20 events):
Event: 7.133 Thread 0x000002714fd44a30 Exception <a 'java/lang/NoSuchMethodError'{0x0000000083c83a50}: 'java.lang.Object java.lang.invoke.DirectMethodHandle$Holder.newInvokeSpecial(java.lang.Object, java.lang.Object, java.lang.Object, java.lang.Object, java.lang.Object, java.lang.Object, java.lang.Object, java.lang.Object, java.lang.Object)'> (0x0000000083c83a50) 
thrown [s\src\hotspot\share\interpreter\linkResolver.cpp, line 784]
Event: 7.255 Thread 0x000002714fd44a30 Exception <a 'java/lang/NoSuchMethodError'{0x0000000083632e48}: 'void java.lang.invoke.DirectMethodHandle$Holder.invokeInterface(java.lang.Object, java.lang.Object, java.lang.Object, java.lang.Object, java.lang.Object)'> (0x0000000083632e48) 
thrown [s\src\hotspot\share\interpreter\linkResolver.cpp, line 784]
Event: 7.262 Thread 0x000002714fd44a30 Exception <a 'java/lang/NoSuchMethodError'{0x0000000083672950}: 'void java.lang.invoke.DirectMethodHandle$Holder.invokeStatic(java.lang.Object, java.lang.Object, java.lang.Object, java.lang.Object, java.lang.Object, java.lang.Object)'> (0x0000000083672950) 
thrown [s\src\hotspot\share\interpreter\linkResolver.cpp, line 784]
Event: 7.460 Thread 0x000002714fd44a30 Exception <a 'java/lang/IncompatibleClassChangeError'{0x0000000083e5d900}: Found class java.lang.Object, but interface was expected> (0x0000000083e5d900) 
thrown [s\src\hotspot\share\interpreter\linkResolver.cpp, line 851]
Event: 7.482 Thread 0x000002714fd44a30 Exception <a 'java/lang/NoSuchMethodError'{0x0000000083d74d60}: 'java.lang.Object java.lang.invoke.DirectMethodHandle$Holder.newInvokeSpecial(java.lang.Object, java.lang.Object, long)'> (0x0000000083d74d60) 
thrown [s\src\hotspot\share\interpreter\linkResolver.cpp, line 784]
Event: 7.482 Thread 0x000002714fd44a30 Exception <a 'java/lang/NoSuchMethodError'{0x0000000083d79148}: 'java.lang.Object java.lang.invoke.Invokers$Holder.linkToTargetMethod(java.lang.Object, long, java.lang.Object)'> (0x0000000083d79148) 
thrown [s\src\hotspot\share\interpreter\linkResolver.cpp, line 784]
Event: 7.539 Thread 0x000002714fd44a30 Exception <a 'java/lang/NoSuchMethodError'{0x0000000083b72c30}: 'int java.lang.invoke.DirectMethodHandle$Holder.invokeInterface(java.lang.Object, java.lang.Object)'> (0x0000000083b72c30) 
thrown [s\src\hotspot\share\interpreter\linkResolver.cpp, line 784]
Event: 7.550 Thread 0x000002714fd44a30 Exception <a 'java/lang/NoSuchMethodError'{0x0000000083bfe8c8}: 'java.lang.Object java.lang.invoke.DirectMethodHandle$Holder.invokeVirtual(java.lang.Object, java.lang.Object, int)'> (0x0000000083bfe8c8) 
thrown [s\src\hotspot\share\interpreter\linkResolver.cpp, line 784]
Event: 7.555 Thread 0x000002714fd44a30 Exception <a 'java/lang/NoSuchMethodError'{0x0000000083a31860}: 'void java.lang.invoke.DirectMethodHandle$Holder.invokeStatic(java.lang.Object, java.lang.Object, java.lang.Object, int)'> (0x0000000083a31860) 
thrown [s\src\hotspot\share\interpreter\linkResolver.cpp, line 784]
Event: 7.573 Thread 0x000002714fd44a30 Exception <a 'java/lang/NoSuchMethodError'{0x0000000083ab6568}: 'java.lang.Object java.lang.invoke.DirectMethodHandle$Holder.invokeStatic(java.lang.Object, java.lang.Object, int, java.lang.Object)'> (0x0000000083ab6568) 
thrown [s\src\hotspot\share\interpreter\linkResolver.cpp, line 784]
Event: 7.574 Thread 0x000002714fd44a30 Exception <a 'java/lang/NoSuchMethodError'{0x0000000083abd9c0}: 'java.lang.Object java.lang.invoke.DirectMethodHandle$Holder.newInvokeSpecial(java.lang.Object, java.lang.Object, int, java.lang.Object)'> (0x0000000083abd9c0) 
thrown [s\src\hotspot\share\interpreter\linkResolver.cpp, line 784]
Event: 7.575 Thread 0x000002714fd44a30 Exception <a 'java/lang/NoSuchMethodError'{0x0000000083ac2458}: 'java.lang.Object java.lang.invoke.DirectMethodHandle$Holder.invokeSpecial(java.lang.Object, java.lang.Object, java.lang.Object, int, java.lang.Object)'> (0x0000000083ac2458) 
thrown [s\src\hotspot\share\interpreter\linkResolver.cpp, line 784]
Event: 7.662 Thread 0x000002714fd44a30 Exception <a 'java/lang/NoSuchMethodError'{0x00000000837aa6e0}: 'void java.lang.invoke.DirectMethodHandle$Holder.invokeInterface(java.lang.Object, java.lang.Object, java.lang.Object, java.lang.Object, java.lang.Object, java.lang.Object, java.lang.Object)'> (0x00000000837aa6e0) 
thrown [s\src\hotspot\share\interpreter\linkResolver.cpp, line 784]
Event: 7.663 Thread 0x000002714fd44a30 Exception <a 'java/lang/NoSuchMethodError'{0x00000000837af068}: 'void java.lang.invoke.DelegatingMethodHandle$Holder.reinvoke_L(java.lang.Object, java.lang.Object, java.lang.Object, java.lang.Object, java.lang.Object, java.lang.Object, java.lang.Object)'> (0x00000000837af068) 
thrown [s\src\hotspot\share\interpreter\linkResolver.cpp, line 784]
Event: 7.739 Thread 0x000002714fd44a30 Exception <a 'java/lang/NoSuchMethodError'{0x000000008358d950}: 'java.lang.Object java.lang.invoke.DirectMethodHandle$Holder.invokeSpecial(java.lang.Object, java.lang.Object, java.lang.Object, int, java.lang.Object, java.lang.Object)'> (0x000000008358d950) 
thrown [s\src\hotspot\share\interpreter\linkResolver.cpp, line 784]
Event: 7.980 Thread 0x000002714fd44a30 Implicit null exception at 0x000002713d387dd2 to 0x000002713d388320
Event: 7.980 Thread 0x000002714fd44a30 Implicit null exception at 0x000002713d432724 to 0x000002713d432ab0
Event: 7.980 Thread 0x000002714fd44a30 Implicit null exception at 0x000002713d4361b1 to 0x000002713d436ac4
Event: 7.980 Thread 0x000002714fd44a30 Exception <a 'java/lang/NoSuchMethodError'{0x0000000082ff0c88}: 'java.lang.reflect.Method[] java.lang.Class.getDeclaredMethods(java.lang.Class)'> (0x0000000082ff0c88) 
thrown [s\src\hotspot\share\interpreter\linkResolver.cpp, line 784]
Event: 8.020 Thread 0x000002714fd44a30 Exception <a 'java/lang/NoSuchMethodError'{0x0000000082d80760}: 'void java.lang.invoke.DirectMethodHandle$Holder.invokeStaticInit(java.lang.Object, java.lang.Object, java.lang.Object, java.lang.Object)'> (0x0000000082d80760) 
thrown [s\src\hotspot\share\interpreter\linkResolver.cpp, line 784]

ZGC Phase Switch (0 events):
No events

VM Operations (20 events):
Event: 7.227 Executing VM operation: HandshakeAllThreads (Deoptimize)
Event: 7.227 Executing VM operation: HandshakeAllThreads (Deoptimize) done
Event: 7.282 Executing VM operation: CollectForMetadataAllocation (Metadata GC Threshold)
Event: 7.293 Executing VM operation: CollectForMetadataAllocation (Metadata GC Threshold) done
Event: 7.322 Executing VM operation: G1PauseRemark
Event: 7.325 Executing VM operation: G1PauseRemark done
Event: 7.340 Executing VM operation: G1PauseCleanup
Event: 7.340 Executing VM operation: G1PauseCleanup done
Event: 7.458 Executing VM operation: HandshakeAllThreads (Deoptimize)
Event: 7.458 Executing VM operation: HandshakeAllThreads (Deoptimize) done
Event: 7.463 Executing VM operation: HandshakeAllThreads (Deoptimize)
Event: 7.464 Executing VM operation: HandshakeAllThreads (Deoptimize) done
Event: 7.484 Executing VM operation: HandshakeAllThreads (Deoptimize)
Event: 7.484 Executing VM operation: HandshakeAllThreads (Deoptimize) done
Event: 7.671 Executing VM operation: HandshakeAllThreads (Deoptimize)
Event: 7.671 Executing VM operation: HandshakeAllThreads (Deoptimize) done
Event: 7.672 Executing VM operation: HandshakeAllThreads (Deoptimize)
Event: 7.672 Executing VM operation: HandshakeAllThreads (Deoptimize) done
Event: 7.966 Executing VM operation: HandshakeAllThreads (Deoptimize)
Event: 7.967 Executing VM operation: HandshakeAllThreads (Deoptimize) done

Memory protections (0 events):
No events

Nmethod flushes (20 events):
Event: 7.325 Thread 0x0000027149c349e0 flushing  nmethod 0x000002713587d790
Event: 7.325 Thread 0x0000027149c349e0 flushing  nmethod 0x0000027135880690
Event: 7.325 Thread 0x0000027149c349e0 flushing  nmethod 0x0000027135882390
Event: 7.325 Thread 0x0000027149c349e0 flushing  nmethod 0x00000271358c1a10
Event: 7.325 Thread 0x0000027149c349e0 flushing  nmethod 0x00000271358c4790
Event: 7.325 Thread 0x0000027149c349e0 flushing  nmethod 0x00000271358f1810
Event: 7.325 Thread 0x0000027149c349e0 flushing  nmethod 0x00000271358f6f10
Event: 7.325 Thread 0x0000027149c349e0 flushing  nmethod 0x0000027135900a10
Event: 7.325 Thread 0x0000027149c349e0 flushing  nmethod 0x0000027135939c90
Event: 7.325 Thread 0x0000027149c349e0 flushing  nmethod 0x000002713593a590
Event: 7.325 Thread 0x0000027149c349e0 flushing  nmethod 0x000002713593ba10
Event: 7.325 Thread 0x0000027149c349e0 flushing  nmethod 0x000002713593f890
Event: 7.325 Thread 0x0000027149c349e0 flushing  nmethod 0x00000271359af310
Event: 7.325 Thread 0x0000027149c349e0 flushing  nmethod 0x00000271359afe90
Event: 7.325 Thread 0x0000027149c349e0 flushing  nmethod 0x0000027135a04210
Event: 7.325 Thread 0x0000027149c349e0 flushing  nmethod 0x0000027135a4d090
Event: 7.325 Thread 0x0000027149c349e0 flushing  nmethod 0x0000027135b0df10
Event: 7.325 Thread 0x0000027149c349e0 flushing  nmethod 0x0000027135b10990
Event: 7.325 Thread 0x0000027149c349e0 flushing  nmethod 0x0000027135b15490
Event: 7.325 Thread 0x0000027149c349e0 flushing  nmethod 0x0000027135bf6a10

Events (20 events):
Event: 3.279 Loaded shared library C:\Program Files\Android\Android Studio\jbr\bin\extnet.dll
Event: 3.563 Thread 0x0000027130cea070 Thread added: 0x000002714fc82a70
Event: 3.771 Thread 0x0000027130cea070 Thread added: 0x000002714fedf7f0
Event: 3.835 Thread 0x000002714fc82a70 Thread added: 0x000002714fcee8c0
Event: 3.840 Thread 0x000002714fcee8c0 Thread added: 0x000002714fcdd890
Event: 3.896 Thread 0x000002714fcee8c0 Thread added: 0x000002714fcdb190
Event: 3.907 Thread 0x000002714fcee8c0 Thread added: 0x000002714fd44a30
Event: 3.919 Thread 0x000002714fd44a30 Thread added: 0x000002714fd443a0
Event: 3.925 Thread 0x000002714fd44a30 Thread added: 0x000002714fd450c0
Event: 3.927 Thread 0x000002714fd44a30 Thread added: 0x000002714fd43d10
Event: 4.578 Thread 0x000002714fd44a30 Thread added: 0x000002714fd45750
Event: 4.591 Thread 0x000002714fd44a30 Thread added: 0x000002714fd45de0
Event: 4.639 Thread 0x000002714fd44a30 Thread added: 0x000002714fd47190
Event: 4.878 Thread 0x000002714e0a2ff0 Thread added: 0x000002714ffc8de0
Event: 6.917 Thread 0x000002714fd44a30 Thread added: 0x000002714fd46b00
Event: 6.933 Thread 0x000002714fd44a30 Thread added: 0x00000271504e3270
Event: 7.188 Thread 0x000002714fd44a30 Thread added: 0x00000271504e4620
Event: 7.194 Thread 0x000002714fd44a30 Thread added: 0x00000271504e1830
Event: 7.576 Thread 0x000002714fd44a30 Thread added: 0x00000271504e3900
Event: 7.638 Thread 0x000002714fd44a30 Thread added: 0x00000271504e5340


Dynamic libraries:
0x00007ff7f4d20000 - 0x00007ff7f4d2a000 	C:\Program Files\Android\Android Studio\jbr\bin\java.exe
0x00007ff8bfc40000 - 0x00007ff8bfea8000 	C:\WINDOWS\SYSTEM32\ntdll.dll
0x00007ff8be1d0000 - 0x00007ff8be299000 	C:\WINDOWS\System32\KERNEL32.DLL
0x00007ff8bcec0000 - 0x00007ff8bd2b2000 	C:\WINDOWS\System32\KERNELBASE.dll
0x00007ff8bd440000 - 0x00007ff8bd58b000 	C:\WINDOWS\System32\ucrtbase.dll
0x00007ff8a8dc0000 - 0x00007ff8a8dd8000 	C:\Program Files\Android\Android Studio\jbr\bin\jli.dll
0x00007ff8692d0000 - 0x00007ff8692eb000 	C:\Program Files\Android\Android Studio\jbr\bin\VCRUNTIME140.dll
0x00007ff8bec20000 - 0x00007ff8bede5000 	C:\WINDOWS\System32\USER32.dll
0x00007ff8bce90000 - 0x00007ff8bceb7000 	C:\WINDOWS\System32\win32u.dll
0x00007ff89c7a0000 - 0x00007ff89ca33000 	C:\WINDOWS\WinSxS\amd64_microsoft.windows.common-controls_6595b64144ccf1df_6.0.26100.6899_none_3e0efeeae32e88c1\COMCTL32.dll
0x00007ff8bf700000 - 0x00007ff8bf72b000 	C:\WINDOWS\System32\GDI32.dll
0x00007ff8bf0f0000 - 0x00007ff8bf199000 	C:\WINDOWS\System32\msvcrt.dll
0x00007ff8bd590000 - 0x00007ff8bd6bd000 	C:\WINDOWS\System32\gdi32full.dll
0x00007ff8bd750000 - 0x00007ff8bd7f3000 	C:\WINDOWS\System32\msvcp_win.dll
0x00007ff8bf1a0000 - 0x00007ff8bf1cf000 	C:\WINDOWS\System32\IMM32.DLL
0x00007ff88fad0000 - 0x00007ff88fadc000 	C:\Program Files\Android\Android Studio\jbr\bin\vcruntime140_1.dll
0x00007ff87bca0000 - 0x00007ff87bd2d000 	C:\Program Files\Android\Android Studio\jbr\bin\msvcp140.dll
0x00007ff802d40000 - 0x00007ff8039d6000 	C:\Program Files\Android\Android Studio\jbr\bin\server\jvm.dll
0x00007ff8bea00000 - 0x00007ff8beab4000 	C:\WINDOWS\System32\ADVAPI32.dll
0x00007ff8be0d0000 - 0x00007ff8be176000 	C:\WINDOWS\System32\sechost.dll
0x00007ff8bf1e0000 - 0x00007ff8bf2f8000 	C:\WINDOWS\System32\RPCRT4.dll
0x00007ff8bfb80000 - 0x00007ff8bfbf4000 	C:\WINDOWS\System32\WS2_32.dll
0x00007ff8a8f00000 - 0x00007ff8a8f35000 	C:\WINDOWS\SYSTEM32\WINMM.dll
0x00007ff8ae0b0000 - 0x00007ff8ae0bb000 	C:\WINDOWS\SYSTEM32\VERSION.dll
0x00007ff8bcc30000 - 0x00007ff8bcc8e000 	C:\WINDOWS\SYSTEM32\POWRPROF.dll
0x00007ff8bcc10000 - 0x00007ff8bcc24000 	C:\WINDOWS\SYSTEM32\UMPDC.dll
0x00007ff8bbb80000 - 0x00007ff8bbb9b000 	C:\WINDOWS\SYSTEM32\kernel.appcore.dll
0x00007ff88e290000 - 0x00007ff88e29a000 	C:\Program Files\Android\Android Studio\jbr\bin\jimage.dll
0x00007ff8a9350000 - 0x00007ff8a9592000 	C:\WINDOWS\SYSTEM32\DBGHELP.DLL
0x00007ff8bf800000 - 0x00007ff8bfb7b000 	C:\WINDOWS\System32\combase.dll
0x00007ff8bf010000 - 0x00007ff8bf0e7000 	C:\WINDOWS\System32\OLEAUT32.dll
0x00007ff88f590000 - 0x00007ff88f5cc000 	C:\WINDOWS\SYSTEM32\dbgcore.DLL
0x00007ff8bd970000 - 0x00007ff8bda08000 	C:\WINDOWS\System32\bcryptPrimitives.dll
0x00007ff8b1ba0000 - 0x00007ff8b1bae000 	C:\Program Files\Android\Android Studio\jbr\bin\instrument.dll
0x00007ff869100000 - 0x00007ff869120000 	C:\Program Files\Android\Android Studio\jbr\bin\java.dll
0x00007ff8683a0000 - 0x00007ff8683b8000 	C:\Program Files\Android\Android Studio\jbr\bin\zip.dll
0x00007ff8be2a0000 - 0x00007ff8be9ed000 	C:\WINDOWS\System32\SHELL32.dll
0x00007ff8bd800000 - 0x00007ff8bd96b000 	C:\WINDOWS\System32\wintypes.dll
0x00007ff8baa00000 - 0x00007ff8bb25d000 	C:\WINDOWS\SYSTEM32\windows.storage.dll
0x00007ff8bdf30000 - 0x00007ff8be022000 	C:\WINDOWS\System32\SHCORE.dll
0x00007ff8bee00000 - 0x00007ff8bee62000 	C:\WINDOWS\System32\shlwapi.dll
0x00007ff8bccf0000 - 0x00007ff8bcd19000 	C:\WINDOWS\SYSTEM32\profapi.dll
0x00007ff88d640000 - 0x00007ff88d650000 	C:\Program Files\Android\Android Studio\jbr\bin\net.dll
0x00007ff8af050000 - 0x00007ff8af16f000 	C:\WINDOWS\SYSTEM32\WINHTTP.dll
0x00007ff8bc110000 - 0x00007ff8bc17b000 	C:\WINDOWS\system32\mswsock.dll
0x00007ff8651e0000 - 0x00007ff8651f6000 	C:\Program Files\Android\Android Studio\jbr\bin\nio.dll
0x00007ff887800000 - 0x00007ff887810000 	C:\Program Files\Android\Android Studio\jbr\bin\verify.dll
0x00007ff8a7a10000 - 0x00007ff8a7a37000 	C:\Users\mariem\.gradle\native\1def1411415f61bf3af743bc5b6707747c0891f09f0c88961ee8f79bc544acac\windows-amd64\native-platform.dll
0x00007ff887810000 - 0x00007ff887888000 	C:\Users\mariem\.gradle\native\0.2.7\x86_64-windows-gnu\gradle-fileevents.dll
0x00007ff8894c0000 - 0x00007ff8894c9000 	C:\Program Files\Android\Android Studio\jbr\bin\management.dll
0x00007ff887b50000 - 0x00007ff887b5b000 	C:\Program Files\Android\Android Studio\jbr\bin\management_ext.dll
0x00007ff8bdf20000 - 0x00007ff8bdf28000 	C:\WINDOWS\System32\PSAPI.DLL
0x00007ff8bb5c0000 - 0x00007ff8bb5f4000 	C:\WINDOWS\SYSTEM32\IPHLPAPI.DLL
0x00007ff8be9f0000 - 0x00007ff8be9fa000 	C:\WINDOWS\System32\NSI.dll
0x00007ff889620000 - 0x00007ff889629000 	C:\Program Files\Android\Android Studio\jbr\bin\extnet.dll
0x00007ff8bc3c0000 - 0x00007ff8bc3db000 	C:\WINDOWS\SYSTEM32\CRYPTSP.dll
0x00007ff8bbad0000 - 0x00007ff8bbb0b000 	C:\WINDOWS\system32\rsaenh.dll
0x00007ff8bc1b0000 - 0x00007ff8bc1db000 	C:\WINDOWS\SYSTEM32\USERENV.dll
0x00007ff8bccc0000 - 0x00007ff8bcce6000 	C:\WINDOWS\SYSTEM32\bcrypt.dll
0x00007ff8bc3e0000 - 0x00007ff8bc3ec000 	C:\WINDOWS\SYSTEM32\CRYPTBASE.dll
0x00007ff889790000 - 0x00007ff889798000 	C:\WINDOWS\system32\wshunix.dll

JVMTI agents:
C:\Users\mariem\.gradle\wrapper\dists\gradle-8.13-bin\5xuhj0ry160q40clulazy9h7d\gradle-8.13\lib\agents\gradle-instrumentation-agent-8.13.jar path:C:\Program Files\Android\Android Studio\jbr\bin\instrument.dll, loaded, initialized, instrumentlib options:none

dbghelp: loaded successfully - version: 4.0.5 - missing functions: none
symbol engine: initialized successfully - sym options: 0x614 - pdb path: .;C:\Program Files\Android\Android Studio\jbr\bin;C:\WINDOWS\SYSTEM32;C:\WINDOWS\WinSxS\amd64_microsoft.windows.common-controls_6595b64144ccf1df_6.0.26100.6899_none_3e0efeeae32e88c1;C:\Program Files\Android\Android Studio\jbr\bin\server;C:\Users\mariem\.gradle\native\1def1411415f61bf3af743bc5b6707747c0891f09f0c88961ee8f79bc544acac\windows-amd64;C:\Users\mariem\.gradle\native\0.2.7\x86_64-windows-gnu

VM Arguments:
jvm_args: --add-opens=java.base/java.lang=ALL-UNNAMED --add-opens=java.base/java.lang.invoke=ALL-UNNAMED --add-opens=java.base/java.util=ALL-UNNAMED --add-opens=java.prefs/java.util.prefs=ALL-UNNAMED --add-exports=jdk.compiler/com.sun.tools.javac.api=ALL-UNNAMED --add-exports=jdk.compiler/com.sun.tools.javac.util=ALL-UNNAMED --add-opens=java.base/java.util=ALL-UNNAMED --add-opens=java.prefs/java.util.prefs=ALL-UNNAMED --add-opens=java.base/java.nio.charset=ALL-UNNAMED --add-opens=java.base/java.net=ALL-UNNAMED --add-opens=java.base/java.util.concurrent.atomic=ALL-UNNAMED --add-opens=java.xml/javax.xml.namespace=ALL-UNNAMED -Xmx2048m -Dfile.encoding=UTF-8 -Duser.country=FR -Duser.language=fr -Duser.variant -javaagent:C:\Users\mariem\.gradle\wrapper\dists\gradle-8.13-bin\5xuhj0ry160q40clulazy9h7d\gradle-8.13\lib\agents\gradle-instrumentation-agent-8.13.jar 
java_command: org.gradle.launcher.daemon.bootstrap.GradleDaemon 8.13
java_class_path (initial): C:\Users\mariem\.gradle\wrapper\dists\gradle-8.13-bin\5xuhj0ry160q40clulazy9h7d\gradle-8.13\lib\gradle-daemon-main-8.13.jar
Launcher Type: SUN_STANDARD

[Global flags]
     intx CICompilerCount                          = 3                                         {product} {ergonomic}
     uint ConcGCThreads                            = 1                                         {product} {ergonomic}
     uint G1ConcRefinementThreads                  = 4                                         {product} {ergonomic}
   size_t G1HeapRegionSize                         = 1048576                                   {product} {ergonomic}
    uintx GCDrainStackTargetSize                   = 64                                        {product} {ergonomic}
   size_t InitialHeapSize                          = 132120576                                 {product} {ergonomic}
   size_t MarkStackSize                            = 4194304                                   {product} {ergonomic}
   size_t MaxHeapSize                              = 2147483648                                {product} {command line}
   size_t MaxNewSize                               = 1287651328                                {product} {ergonomic}
   size_t MinHeapDeltaBytes                        = 1048576                                   {product} {ergonomic}
   size_t MinHeapSize                              = 8388608                                   {product} {ergonomic}
    uintx NonNMethodCodeHeapSize                   = 5832780                                {pd product} {ergonomic}
    uintx NonProfiledCodeHeapSize                  = 122912730                              {pd product} {ergonomic}
    uintx ProfiledCodeHeapSize                     = 122912730                              {pd product} {ergonomic}
    uintx ReservedCodeCacheSize                    = 251658240                              {pd product} {ergonomic}
     bool SegmentedCodeCache                       = true                                      {product} {ergonomic}
   size_t SoftMaxHeapSize                          = 2147483648                             {manageable} {ergonomic}
     bool UseCompressedOops                        = true                           {product lp64_product} {ergonomic}
     bool UseG1GC                                  = true                                      {product} {ergonomic}
     bool UseLargePagesIndividualAllocation        = false                                  {pd product} {ergonomic}

Logging:
Log output configuration:
 #0: stdout all=warning uptime,level,tags foldmultilines=false
 #1: stderr all=off uptime,level,tags foldmultilines=false

Environment Variables:
JAVA_HOME=C:\Users\mariem\Downloads\jdk-23_windows-x64_bin\jdk-23.0.1
PATH=C:\Windows\System32\HWAudioDriverLibs;C:\Windows\system32;C:\Windows;C:\Windows\System32\Wbem;C:\Windows\System32\WindowsPowerShell\v1.0\;C:\Windows\System32\OpenSSH\;C:\Windows\system32\config\systemprofile\AppData\Local\Microsoft\WindowsApps;C:\WINDOWS\system32;C:\WINDOWS;C:\WINDOWS\System32\Wbem;C:\WINDOWS\System32\WindowsPowerShell\v1.0\;C:\WINDOWS\System32\OpenSSH\;C:\Program Files\Java\jdk-23\bin;C:\Program Files\dotnet\;C:\Users\mariem\Downloads\jdk-23_windows-x64_bin.zip;C:\Users\mariem\AppData\Local\Programs\Microsoft VS Code\bin;C:\MinGW\bin;C:\Users\mariem\Downloads\jdk-23_windows-x64_bin\jdk-23.0.1\bin;;C:\Users\mariem\AppData\Local\Microsoft\WindowsApps
USERNAME=mariem
OS=Windows_NT
PROCESSOR_IDENTIFIER=Intel64 Family 6 Model 142 Stepping 12, GenuineIntel
TMP=C:\Users\mariem\AppData\Local\Temp
TEMP=C:\Users\mariem\AppData\Local\Temp




Periodic native trim disabled

JNI global refs:
JNI global refs: 24, weak refs: 0

JNI global refs memory usage: 835, weak refs: 833

Process memory usage:
Resident Set Size: 230068K (2% of 8218416K total physical memory with 843752K free physical memory)

OOME stack traces (most recent first):
Classloader memory used:
Loader org.gradle.internal.classloader.VisitableURLClassLoader                         : 18665K
Loader bootstrap                                                                       : 17814K
Loader org.gradle.initialization.MixInLegacyTypesClassLoader                           : 2581K
Loader jdk.internal.loader.ClassLoaders$AppClassLoader                                 : 233K
Loader jdk.internal.loader.ClassLoaders$PlatformClassLoader                            : 154K
Loader org.gradle.groovy.scripts.internal.DefaultScriptCompilationHandler$ScriptClassLoader: 6352B

Classes loaded by more than one classloader:
Class org.gradle.internal.classloader.FilteringClassLoader                            : loaded 2 times (x 105B)
Class org.gradle.internal.classloader.ClassLoaderHierarchy                            : loaded 2 times (x 70B)
Class org.gradle.api.internal.classpath.ManifestUtil                                  : loaded 2 times (x 71B)
Class org.gradle.internal.classloader.DefaultClassLoaderFactory                       : loaded 2 times (x 82B)
Class org.gradle.internal.classloader.ClassLoaderVisitor                              : loaded 2 times (x 76B)
Class org.gradle.api.internal.classpath.EffectiveClassPath                            : loaded 2 times (x 90B)
Class org.gradle.api.internal.DefaultClassPathProvider                                : loaded 2 times (x 76B)
Class [Lorg.gradle.api.internal.ClassPathProvider;                                    : loaded 2 times (x 69B)
Class org.gradle.api.internal.ClassPathProvider                                       : loaded 2 times (x 70B)
Class org.gradle.internal.service.UnknownServiceException                             : loaded 2 times (x 83B)
Class org.gradle.internal.classpath.TransformedClassPath                              : loaded 2 times (x 96B)
Class org.gradle.internal.classloader.InstrumentingClassLoader                        : loaded 2 times (x 70B)
Class org.gradle.internal.service.ServiceLocator                                      : loaded 2 times (x 70B)
Class org.gradle.internal.InternalTransformer                                         : loaded 2 times (x 70B)
Class org.gradle.internal.classloader.ClasspathUtil$1                                 : loaded 2 times (x 76B)
Class org.gradle.api.internal.classpath.DefaultModuleRegistry$DefaultModule           : loaded 2 times (x 86B)
Class org.gradle.api.internal.classpath.Module                                        : loaded 2 times (x 70B)
Class org.gradle.api.internal.classpath.UnknownModuleException                        : loaded 2 times (x 82B)
Class org.gradle.api.internal.DefaultClassPathRegistry                                : loaded 2 times (x 76B)
Class org.gradle.api.internal.ClassPathRegistry                                       : loaded 2 times (x 70B)
Class org.gradle.internal.classpath.DefaultClassPath$ImmutableUniqueList              : loaded 2 times (x 199B)
Class org.gradle.internal.classpath.ClassPath                                         : loaded 2 times (x 70B)
Class org.gradle.api.UncheckedIOException                                             : loaded 2 times (x 82B)
Class org.gradle.internal.installation.GradleInstallation$1                           : loaded 2 times (x 75B)
Class org.gradle.api.internal.classpath.ModuleRegistry                                : loaded 2 times (x 70B)
Class org.gradle.api.internal.classpath.DefaultModuleRegistry                         : loaded 2 times (x 86B)
Class org.gradle.internal.service.ServiceLookupException                              : loaded 2 times (x 82B)
Class org.gradle.internal.classloader.ClassLoaderFactory                              : loaded 2 times (x 70B)
Class org.gradle.internal.service.CachingServiceLocator                               : loaded 2 times (x 82B)
Class org.gradle.internal.classloader.ClasspathUtil                                   : loaded 2 times (x 71B)
Class org.gradle.api.specs.Spec                                                       : loaded 2 times (x 70B)
Class org.gradle.internal.classloader.VisitableURLClassLoader$InstrumentingVisitableURLClassLoader: loaded 2 times (x 123B)
Class org.gradle.internal.classloader.VisitableURLClassLoader$Spec                    : loaded 2 times (x 74B)
Class org.gradle.internal.classpath.DefaultClassPath                                  : loaded 2 times (x 90B)
Class org.gradle.internal.classloader.ClassLoaderSpec                                 : loaded 2 times (x 71B)
Class org.gradle.internal.classloader.VisitableURLClassLoader                         : loaded 2 times (x 117B)
Class org.gradle.internal.Cast                                                        : loaded 2 times (x 71B)
Class org.gradle.api.Action                                                           : loaded 2 times (x 70B)
Class org.gradle.internal.classpath.DefaultClassPath$ImmutableUniqueList$Builder      : loaded 2 times (x 75B)
Class org.gradle.api.GradleException                                                  : loaded 2 times (x 82B)
Class org.gradle.internal.IoActions                                                   : loaded 2 times (x 71B)
Class org.gradle.internal.classloader.SystemClassLoaderSpec                           : loaded 2 times (x 71B)
Class org.gradle.api.internal.classpath.GlobalCacheRootsProvider                      : loaded 2 times (x 70B)
Class org.gradle.internal.installation.CurrentGradleInstallationLocator               : loaded 2 times (x 71B)
Class org.gradle.internal.service.DefaultServiceLocator                               : loaded 2 times (x 83B)
Class org.gradle.internal.installation.CurrentGradleInstallation                      : loaded 2 times (x 73B)
Class org.gradle.util.internal.GUtil                                                  : loaded 2 times (x 71B)
Class org.gradle.internal.installation.GradleInstallation                             : loaded 2 times (x 75B)

---------------  S Y S T E M  ---------------

OS:
 Windows 11 , 64 bit Build 26100 (10.0.26100.6725)
OS uptime: 10 days 20:03 hours
Hyper-V role detected

CPU: total 4 (initial active 4) (2 cores per cpu, 2 threads per core) family 6 model 142 stepping 12 microcode 0xde, cx8, cmov, fxsr, ht, mmx, 3dnowpref, sse, sse2, sse3, ssse3, sse4.1, sse4.2, popcnt, lzcnt, tsc, tscinvbit, avx, avx2, aes, erms, clmul, bmi1, bmi2, adx, fma, vzeroupper, clflush, clflushopt, hv, rdtscp, f16c
Processor Information for the first 4 processors :
  Max Mhz: 2592, Current Mhz: 2592, Mhz Limit: 2073

Memory: 4k page, system-wide physical 8025M (817M free)
TotalPageFile size 20679M (AvailPageFile size 8M)
current process WorkingSet (physical memory assigned to process): 224M, peak: 224M
current process commit charge ("private bytes"): 254M, peak: 256M

vm_info: OpenJDK 64-Bit Server VM (21.0.8+-14018985-b1038.68) for windows-amd64 JRE (21.0.8+-14018985-b1038.68), built on 2025-08-29T19:56:34Z by "builder" with MS VC++ 16.10 / 16.11 (VS2019)

END.
