#
# There is insufficient memory for the Java Runtime Environment to continue.
# Native memory allocation (mmap) failed to map 33554432 bytes. Error detail: G1 virtual space
# Possible reasons:
#   The system is out of physical RAM or swap space
#   This process is running with CompressedOops enabled, and the Java Heap may be blocking the growth of the native heap
# Possible solutions:
#   Reduce memory load on the system
#   Increase physical memory or swap space
#   Check if swap backing store is full
#   Decrease Java heap size (-Xmx/-Xms)
#   Decrease number of Java threads
#   Decrease Java thread stack sizes (-Xss)
#   Set larger code cache with -XX:ReservedCodeCacheSize=
#   JVM is running with Unscaled Compressed Oops mode in which the Java heap is
#     placed in the first 4GB address space. The Java Heap base address is the
#     maximum limit for the native heap growth. Please use -XX:HeapBaseMinAddress
#     to set the Java Heap base and to place the Java Heap above 4GB virtual address.
# This output file may be truncated or incomplete.
#
#  Out of Memory Error (os_windows.cpp:3925), pid=10032, tid=6764
#
# JRE version: OpenJDK Runtime Environment (21.0.8) (build 21.0.8+-14018985-b1038.68)
# Java VM: OpenJDK 64-Bit Server VM (21.0.8+-14018985-b1038.68, mixed mode, tiered, compressed oops, compressed class ptrs, g1 gc, windows-amd64)
# No core dump will be written. Minidumps are not enabled by default on client versions of Windows
#

---------------  S U M M A R Y ------------

Command Line: --add-opens=java.base/java.lang=ALL-UNNAMED --add-opens=java.base/java.lang.invoke=ALL-UNNAMED --add-opens=java.base/java.util=ALL-UNNAMED --add-opens=java.prefs/java.util.prefs=ALL-UNNAMED --add-exports=jdk.compiler/com.sun.tools.javac.api=ALL-UNNAMED --add-exports=jdk.compiler/com.sun.tools.javac.util=ALL-UNNAMED --add-opens=java.base/java.util=ALL-UNNAMED --add-opens=java.prefs/java.util.prefs=ALL-UNNAMED --add-opens=java.base/java.nio.charset=ALL-UNNAMED --add-opens=java.base/java.net=ALL-UNNAMED --add-opens=java.base/java.util.concurrent.atomic=ALL-UNNAMED --add-opens=java.xml/javax.xml.namespace=ALL-UNNAMED -Xmx2048m -Dfile.encoding=UTF-8 -Duser.country=FR -Duser.language=fr -Duser.variant -javaagent:C:\Users\mariem\.gradle\wrapper\dists\gradle-8.13-bin\5xuhj0ry160q40clulazy9h7d\gradle-8.13\lib\agents\gradle-instrumentation-agent-8.13.jar org.gradle.launcher.daemon.bootstrap.GradleDaemon 8.13

Host: Intel(R) Core(TM) i3-10110U CPU @ 2.10GHz, 4 cores, 7G,  Windows 11 , 64 bit Build 26100 (10.0.26100.6725)
Time: Mon Nov 17 11:01:16 2025 Afr. centrale Ouest elapsed time: 15.745756 seconds (0d 0h 0m 15s)

---------------  T H R E A D  ---------------

Current thread (0x0000019b46b0dc10):  VMThread "VM Thread"          [id=6764, stack(0x00000018d2b00000,0x00000018d2c00000) (1024K)]

Stack: [0x00000018d2b00000,0x00000018d2c00000]
Native frames: (J=compiled Java code, j=interpreted, Vv=VM code, C=native code)
V  [jvm.dll+0x6d68d9]
V  [jvm.dll+0x866693]
V  [jvm.dll+0x868c4e]
V  [jvm.dll+0x869333]
V  [jvm.dll+0x280566]
V  [jvm.dll+0x6d3195]
V  [jvm.dll+0x6c69ea]
V  [jvm.dll+0x3586db]
V  [jvm.dll+0x360336]
V  [jvm.dll+0x3b23f6]
V  [jvm.dll+0x3b26c8]
V  [jvm.dll+0x32ae6c]
V  [jvm.dll+0x32aef7]
V  [jvm.dll+0x370d3c]
V  [jvm.dll+0x36f4ee]
V  [jvm.dll+0x32a5c1]
V  [jvm.dll+0x36ebf0]
V  [jvm.dll+0x86f0b8]
V  [jvm.dll+0x870434]
V  [jvm.dll+0x870970]
V  [jvm.dll+0x870c03]
V  [jvm.dll+0x80eac8]
V  [jvm.dll+0x6d512d]
C  [ucrtbase.dll+0x37b0]
C  [KERNEL32.DLL+0x2e8d7]
C  [ntdll.dll+0x8c53c]

VM_Operation (0x00000018d40f9330): G1CollectForAllocation, mode: safepoint, requested by thread 0x0000019b4caecf80


---------------  P R O C E S S  ---------------

Threads class SMR info:
_java_thread_list=0x0000019b4f8295a0, length=46, elements={
0x0000019b2fb388c0, 0x0000019b46b5c470, 0x0000019b46b6e160, 0x0000019b46b771c0,
0x0000019b46b87110, 0x0000019b46b87b70, 0x0000019b46ba9190, 0x0000019b46ba9800,
0x0000019b46bba5a0, 0x0000019b46bbb040, 0x0000019b4b01c0c0, 0x0000019b4c9243b0,
0x0000019b4c9737f0, 0x0000019b4c76dfe0, 0x0000019b4cb88040, 0x0000019b4c76d460,
0x0000019b4c8bdc70, 0x0000019b4caecf80, 0x0000019b4caa4b30, 0x0000019b4caa6570,
0x0000019b4caa3e10, 0x0000019b4caa51c0, 0x0000019b4caa6c00, 0x0000019b4caa3780,
0x0000019b4caa44a0, 0x0000019b4caa5850, 0x0000019b4e17c4b0, 0x0000019b4e17aa70,
0x0000019b4e17be20, 0x0000019b4e17cb40, 0x0000019b4e17b100, 0x0000019b4e179d50,
0x0000019b4e17b790, 0x0000019b4e17d860, 0x0000019b4e17a3e0, 0x0000019b4e180650,
0x0000019b4e17ffc0, 0x0000019b4e17def0, 0x0000019b4e180ce0, 0x0000019b4e17e580,
0x0000019b4e17ec10, 0x0000019b4e17f2a0, 0x0000019b4e6c3db0, 0x0000019b4e6c4ad0,
0x0000019b4e6c4440, 0x0000019b50bcd3e0
}

Java Threads: ( => current thread )
  0x0000019b2fb388c0 JavaThread "main"                              [_thread_blocked, id=24688, stack(0x00000018d2400000,0x00000018d2500000) (1024K)]
  0x0000019b46b5c470 JavaThread "Common-Cleaner"             daemon [_thread_blocked, id=20044, stack(0x00000018d2c00000,0x00000018d2d00000) (1024K)]
  0x0000019b46b6e160 JavaThread "Reference Handler"          daemon [_thread_blocked, id=9452, stack(0x00000018d2d00000,0x00000018d2e00000) (1024K)]
  0x0000019b46b771c0 JavaThread "Finalizer"                  daemon [_thread_blocked, id=5976, stack(0x00000018d2e00000,0x00000018d2f00000) (1024K)]
  0x0000019b46b87110 JavaThread "Signal Dispatcher"          daemon [_thread_blocked, id=12256, stack(0x00000018d2f00000,0x00000018d3000000) (1024K)]
  0x0000019b46b87b70 JavaThread "Attach Listener"            daemon [_thread_blocked, id=18252, stack(0x00000018d3000000,0x00000018d3100000) (1024K)]
  0x0000019b46ba9190 JavaThread "Service Thread"             daemon [_thread_blocked, id=1124, stack(0x00000018d3100000,0x00000018d3200000) (1024K)]
  0x0000019b46ba9800 JavaThread "Monitor Deflation Thread"   daemon [_thread_blocked, id=18148, stack(0x00000018d3200000,0x00000018d3300000) (1024K)]
  0x0000019b46bba5a0 JavaThread "C2 CompilerThread0"         daemon [_thread_blocked, id=3252, stack(0x00000018d3300000,0x00000018d3400000) (1024K)]
  0x0000019b46bbb040 JavaThread "C1 CompilerThread0"         daemon [_thread_blocked, id=23888, stack(0x00000018d3400000,0x00000018d3500000) (1024K)]
  0x0000019b4b01c0c0 JavaThread "Notification Thread"        daemon [_thread_blocked, id=17360, stack(0x00000018d3500000,0x00000018d3600000) (1024K)]
  0x0000019b4c9243b0 JavaThread "Daemon health stats"               [_thread_blocked, id=16616, stack(0x00000018d3800000,0x00000018d3900000) (1024K)]
  0x0000019b4c9737f0 JavaThread "Incoming local TCP Connector on port 59910"        [_thread_in_native, id=7584, stack(0x00000018d3a00000,0x00000018d3b00000) (1024K)]
  0x0000019b4c76dfe0 JavaThread "Daemon periodic checks"            [_thread_blocked, id=22268, stack(0x00000018d3c00000,0x00000018d3d00000) (1024K)]
  0x0000019b4cb88040 JavaThread "Daemon"                            [_thread_blocked, id=2676, stack(0x00000018d3d00000,0x00000018d3e00000) (1024K)]
  0x0000019b4c76d460 JavaThread "Handler for socket connection from /127.0.0.1:59910 to /127.0.0.1:59911"        [_thread_in_native, id=19668, stack(0x00000018d3e00000,0x00000018d3f00000) (1024K)]
  0x0000019b4c8bdc70 JavaThread "Cancel handler"                    [_thread_blocked, id=12016, stack(0x00000018d3f00000,0x00000018d4000000) (1024K)]
  0x0000019b4caecf80 JavaThread "Daemon worker"                     [_thread_blocked, id=1304, stack(0x00000018d4000000,0x00000018d4100000) (1024K)]
  0x0000019b4caa4b30 JavaThread "Asynchronous log dispatcher for DefaultDaemonConnection: socket connection from /127.0.0.1:59910 to /127.0.0.1:59911"        [_thread_blocked, id=21812, stack(0x00000018d4100000,0x00000018d4200000) (1024K)]
  0x0000019b4caa6570 JavaThread "Stdin handler"                     [_thread_blocked, id=10296, stack(0x00000018d4200000,0x00000018d4300000) (1024K)]
  0x0000019b4caa3e10 JavaThread "Daemon client event forwarder"        [_thread_blocked, id=14864, stack(0x00000018d4300000,0x00000018d4400000) (1024K)]
  0x0000019b4caa51c0 JavaThread "Cache worker for journal cache (C:\Users\mariem\.gradle\caches\journal-1)"        [_thread_blocked, id=6780, stack(0x00000018d3b00000,0x00000018d3c00000) (1024K)]
  0x0000019b4caa6c00 JavaThread "File lock request listener"        [_thread_in_native, id=19752, stack(0x00000018d4400000,0x00000018d4500000) (1024K)]
  0x0000019b4caa3780 JavaThread "Cache worker for file hash cache (C:\Users\mariem\.gradle\caches\8.13\fileHashes)"        [_thread_blocked, id=16496, stack(0x00000018d4500000,0x00000018d4600000) (1024K)]
  0x0000019b4caa44a0 JavaThread "Cache worker for file hash cache (C:\Users\mariem\AndroidStudioProjects\TravelApp\.gradle\8.13\fileHashes)"        [_thread_blocked, id=13484, stack(0x00000018d4600000,0x00000018d4700000) (1024K)]
  0x0000019b4caa5850 JavaThread "Cache worker for Build Output Cleanup Cache (C:\Users\mariem\AndroidStudioProjects\TravelApp\.gradle\buildOutputCleanup)"        [_thread_blocked, id=25200, stack(0x00000018d4700000,0x00000018d4800000) (1024K)]
  0x0000019b4e17c4b0 JavaThread "File watcher server"        daemon [_thread_in_native, id=11116, stack(0x00000018d4900000,0x00000018d4a00000) (1024K)]
  0x0000019b4e17aa70 JavaThread "File watcher consumer"      daemon [_thread_blocked, id=16040, stack(0x00000018d4a00000,0x00000018d4b00000) (1024K)]
  0x0000019b4e17be20 JavaThread "jar transforms"                    [_thread_blocked, id=19568, stack(0x00000018d4b00000,0x00000018d4c00000) (1024K)]
  0x0000019b4e17cb40 JavaThread "jar transforms Thread 2"           [_thread_blocked, id=13324, stack(0x00000018d4c00000,0x00000018d4d00000) (1024K)]
  0x0000019b4e17b100 JavaThread "Cache worker for checksums cache (C:\Users\mariem\AndroidStudioProjects\TravelApp\.gradle\8.13\checksums)"        [_thread_blocked, id=20508, stack(0x00000018d4d00000,0x00000018d4e00000) (1024K)]
  0x0000019b4e179d50 JavaThread "Cache worker for file content cache (C:\Users\mariem\.gradle\caches\8.13\fileContent)"        [_thread_blocked, id=15620, stack(0x00000018d4e00000,0x00000018d4f00000) (1024K)]
  0x0000019b4e17b790 JavaThread "jar transforms Thread 3"           [_thread_blocked, id=7956, stack(0x00000018d4f00000,0x00000018d5000000) (1024K)]
  0x0000019b4e17d860 JavaThread "Cache worker for cache directory md-supplier (C:\Users\mariem\.gradle\caches\8.13\md-supplier)"        [_thread_blocked, id=24628, stack(0x00000018d5000000,0x00000018d5100000) (1024K)]
  0x0000019b4e17a3e0 JavaThread "Cache worker for cache directory md-rule (C:\Users\mariem\.gradle\caches\8.13\md-rule)"        [_thread_blocked, id=17728, stack(0x00000018d5100000,0x00000018d5200000) (1024K)]
  0x0000019b4e180650 JavaThread "Unconstrained build operations"        [_thread_blocked, id=12568, stack(0x00000018d5200000,0x00000018d5300000) (1024K)]
  0x0000019b4e17ffc0 JavaThread "Unconstrained build operations Thread 2"        [_thread_blocked, id=1264, stack(0x00000018d5300000,0x00000018d5400000) (1024K)]
  0x0000019b4e17def0 JavaThread "Unconstrained build operations Thread 3"        [_thread_blocked, id=6060, stack(0x00000018d5400000,0x00000018d5500000) (1024K)]
  0x0000019b4e180ce0 JavaThread "Unconstrained build operations Thread 4"        [_thread_blocked, id=18656, stack(0x00000018d5500000,0x00000018d5600000) (1024K)]
  0x0000019b4e17e580 JavaThread "Unconstrained build operations Thread 5"        [_thread_blocked, id=8056, stack(0x00000018d5600000,0x00000018d5700000) (1024K)]
  0x0000019b4e17ec10 JavaThread "Unconstrained build operations Thread 6"        [_thread_blocked, id=21436, stack(0x00000018d5700000,0x00000018d5800000) (1024K)]
  0x0000019b4e17f2a0 JavaThread "jar transforms Thread 4"           [_thread_blocked, id=3052, stack(0x00000018d5800000,0x00000018d5900000) (1024K)]
  0x0000019b4e6c3db0 JavaThread "Unconstrained build operations Thread 7"        [_thread_blocked, id=20124, stack(0x00000018d5900000,0x00000018d5a00000) (1024K)]
  0x0000019b4e6c4ad0 JavaThread "Unconstrained build operations Thread 8"        [_thread_blocked, id=8972, stack(0x00000018d5a00000,0x00000018d5b00000) (1024K)]
  0x0000019b4e6c4440 JavaThread "Unconstrained build operations Thread 9"        [_thread_blocked, id=7980, stack(0x00000018d5b00000,0x00000018d5c00000) (1024K)]
  0x0000019b50bcd3e0 JavaThread "C2 CompilerThread1"         daemon [_thread_blocked, id=10484, stack(0x00000018d4800000,0x00000018d4900000) (1024K)]
Total: 46

Other Threads:
=>0x0000019b46b0dc10 VMThread "VM Thread"                           [id=6764, stack(0x00000018d2b00000,0x00000018d2c00000) (1024K)]
  0x0000019b4695a0a0 WatcherThread "VM Periodic Task Thread"        [id=3792, stack(0x00000018d2a00000,0x00000018d2b00000) (1024K)]
  0x0000019b2fb91950 WorkerThread "GC Thread#0"                     [id=17444, stack(0x00000018d2500000,0x00000018d2600000) (1024K)]
  0x0000019b46eb5260 WorkerThread "GC Thread#1"                     [id=14464, stack(0x00000018d3600000,0x00000018d3700000) (1024K)]
  0x0000019b46eb5600 WorkerThread "GC Thread#2"                     [id=19140, stack(0x00000018d3700000,0x00000018d3800000) (1024K)]
  0x0000019b4bc36540 WorkerThread "GC Thread#3"                     [id=4144, stack(0x00000018d3900000,0x00000018d3a00000) (1024K)]
  0x0000019b2fba3f20 ConcurrentGCThread "G1 Main Marker"            [id=23896, stack(0x00000018d2600000,0x00000018d2700000) (1024K)]
  0x0000019b2fba6350 WorkerThread "G1 Conc#0"                       [id=24820, stack(0x00000018d2700000,0x00000018d2800000) (1024K)]
  0x0000019b468303a0 ConcurrentGCThread "G1 Refine#0"               [id=23716, stack(0x00000018d2800000,0x00000018d2900000) (1024K)]
  0x0000019b46830bc0 ConcurrentGCThread "G1 Service"                [id=13752, stack(0x00000018d2900000,0x00000018d2a00000) (1024K)]
Total: 10

Threads with active compile tasks:
C2 CompilerThread0  15781 6090   !   4       java.net.URLClassLoader::findClass (47 bytes)
C1 CompilerThread0  15781 6116       3       java.util.HashMap$TreeNode::find (172 bytes)
C2 CompilerThread1  15781 6091       4       java.net.URLClassLoader$1::run (5 bytes)
Total: 3

VM state: at safepoint (normal execution)

VM Mutex/Monitor currently owned by a thread:  ([mutex/lock_event])
[0x00007ff8038f85b8] Threads_lock - owner thread: 0x0000019b46b0dc10
[0x00007ff8038f86b8] Heap_lock - owner thread: 0x0000019b4caecf80

Heap address: 0x0000000080000000, size: 2048 MB, Compressed Oops mode: 32-bit

CDS archive(s) not mapped
Compressed class space mapped at: 0x0000000100000000-0x0000000140000000, reserved size: 1073741824
Narrow klass base: 0x0000000000000000, Narrow klass shift: 3, Narrow klass range: 0x140000000

GC Precious Log:
 CardTable entry size: 512
 Card Set container configuration: InlinePtr #cards 5 size 8 Array Of Cards #cards 12 size 40 Howl #buckets 4 coarsen threshold 1843 Howl Bitmap #cards 512 size 80 coarsen threshold 460 Card regions per heap region 1 cards per card region 2048
 CPUs: 4 total, 4 available
 Memory: 8025M
 Large Page Support: Disabled
 NUMA Support: Disabled
 Compressed Oops: Enabled (32-bit)
 Heap Region Size: 1M
 Heap Min Capacity: 8M
 Heap Initial Capacity: 126M
 Heap Max Capacity: 2G
 Pre-touch: Disabled
 Parallel Workers: 4
 Concurrent Workers: 1
 Concurrent Refinement Workers: 4
 Periodic GC: Disabled

Heap:
 garbage-first heap   total 71680K, used 44338K [0x0000000080000000, 0x0000000100000000)
  region size 1024K, 3 young (3072K), 3 survivors (3072K)
 Metaspace       used 69129K, committed 70720K, reserved 1114112K
  class space    used 9785K, committed 10560K, reserved 1048576K

Heap Regions: E=young(eden), S=young(survivor), O=old, HS=humongous(starts), HC=humongous(continues), CS=collection set, F=free, TAMS=top-at-mark-start, PB=parsable bottom
|   0|0x0000000080000000, 0x0000000080100000, 0x0000000080100000|100%|HS|  |TAMS 0x0000000080000000| PB 0x0000000080000000| Complete 
|   1|0x0000000080100000, 0x0000000080200000, 0x0000000080200000|100%|HC|  |TAMS 0x0000000080100000| PB 0x0000000080100000| Complete 
|   2|0x0000000080200000, 0x0000000080300000, 0x0000000080300000|100%|HC|  |TAMS 0x0000000080200000| PB 0x0000000080200000| Complete 
|   3|0x0000000080300000, 0x0000000080400000, 0x0000000080400000|100%| O|  |TAMS 0x0000000080300000| PB 0x0000000080300000| Untracked 
|   4|0x0000000080400000, 0x0000000080500000, 0x0000000080500000|100%| O|  |TAMS 0x0000000080400000| PB 0x0000000080400000| Untracked 
|   5|0x0000000080500000, 0x0000000080600000, 0x0000000080600000|100%| O|  |TAMS 0x0000000080500000| PB 0x0000000080500000| Untracked 
|   6|0x0000000080600000, 0x0000000080700000, 0x0000000080700000|100%|HS|  |TAMS 0x0000000080600000| PB 0x0000000080600000| Complete 
|   7|0x0000000080700000, 0x0000000080800000, 0x0000000080800000|100%| O|  |TAMS 0x0000000080700000| PB 0x0000000080700000| Untracked 
|   8|0x0000000080800000, 0x0000000080900000, 0x0000000080900000|100%| O|  |TAMS 0x0000000080800000| PB 0x0000000080800000| Untracked 
|   9|0x0000000080900000, 0x0000000080a00000, 0x0000000080a00000|100%| O|  |TAMS 0x0000000080900000| PB 0x0000000080900000| Untracked 
|  10|0x0000000080a00000, 0x0000000080b00000, 0x0000000080b00000|100%| O|  |TAMS 0x0000000080a00000| PB 0x0000000080a00000| Untracked 
|  11|0x0000000080b00000, 0x0000000080c00000, 0x0000000080c00000|100%| O|  |TAMS 0x0000000080b00000| PB 0x0000000080b00000| Untracked 
|  12|0x0000000080c00000, 0x0000000080d00000, 0x0000000080d00000|100%| O|  |TAMS 0x0000000080c00000| PB 0x0000000080c00000| Untracked 
|  13|0x0000000080d00000, 0x0000000080e00000, 0x0000000080e00000|100%| O|  |TAMS 0x0000000080d00000| PB 0x0000000080d00000| Untracked 
|  14|0x0000000080e00000, 0x0000000080f00000, 0x0000000080f00000|100%| O|  |TAMS 0x0000000080e00000| PB 0x0000000080e00000| Untracked 
|  15|0x0000000080f00000, 0x0000000081000000, 0x0000000081000000|100%| O|  |TAMS 0x0000000080f00000| PB 0x0000000080f00000| Untracked 
|  16|0x0000000081000000, 0x0000000081100000, 0x0000000081100000|100%| O|  |TAMS 0x0000000081000000| PB 0x0000000081000000| Untracked 
|  17|0x0000000081100000, 0x0000000081200000, 0x0000000081200000|100%| O|  |TAMS 0x0000000081100000| PB 0x0000000081100000| Untracked 
|  18|0x0000000081200000, 0x0000000081300000, 0x0000000081300000|100%| O|  |TAMS 0x0000000081200000| PB 0x0000000081200000| Untracked 
|  19|0x0000000081300000, 0x0000000081400000, 0x0000000081400000|100%| O|  |TAMS 0x0000000081300000| PB 0x0000000081300000| Untracked 
|  20|0x0000000081400000, 0x0000000081500000, 0x0000000081500000|100%| O|  |TAMS 0x0000000081400000| PB 0x0000000081400000| Untracked 
|  21|0x0000000081500000, 0x0000000081600000, 0x0000000081600000|100%| O|  |TAMS 0x0000000081500000| PB 0x0000000081500000| Untracked 
|  22|0x0000000081600000, 0x0000000081700000, 0x0000000081700000|100%| O|  |TAMS 0x0000000081600000| PB 0x0000000081600000| Untracked 
|  23|0x0000000081700000, 0x0000000081800000, 0x0000000081800000|100%| O|  |TAMS 0x0000000081700000| PB 0x0000000081700000| Untracked 
|  24|0x0000000081800000, 0x0000000081900000, 0x0000000081900000|100%| O|  |TAMS 0x0000000081800000| PB 0x0000000081800000| Untracked 
|  25|0x0000000081900000, 0x0000000081a00000, 0x0000000081a00000|100%| O|  |TAMS 0x0000000081900000| PB 0x0000000081900000| Untracked 
|  26|0x0000000081a00000, 0x0000000081b00000, 0x0000000081b00000|100%| O|  |TAMS 0x0000000081a00000| PB 0x0000000081a00000| Untracked 
|  27|0x0000000081b00000, 0x0000000081c00000, 0x0000000081c00000|100%| O|  |TAMS 0x0000000081b00000| PB 0x0000000081b00000| Untracked 
|  28|0x0000000081c00000, 0x0000000081d00000, 0x0000000081d00000|100%| O|  |TAMS 0x0000000081c00000| PB 0x0000000081c00000| Untracked 
|  29|0x0000000081d00000, 0x0000000081e00000, 0x0000000081e00000|100%| O|  |TAMS 0x0000000081d00000| PB 0x0000000081d00000| Untracked 
|  30|0x0000000081e00000, 0x0000000081f00000, 0x0000000081f00000|100%| O|  |TAMS 0x0000000081e00000| PB 0x0000000081e00000| Untracked 
|  31|0x0000000081f00000, 0x0000000082000000, 0x0000000082000000|100%| O|  |TAMS 0x0000000081f00000| PB 0x0000000081f00000| Untracked 
|  32|0x0000000082000000, 0x0000000082100000, 0x0000000082100000|100%| O|  |TAMS 0x0000000082000000| PB 0x0000000082000000| Untracked 
|  33|0x0000000082100000, 0x0000000082200000, 0x0000000082200000|100%| O|  |TAMS 0x0000000082100000| PB 0x0000000082100000| Untracked 
|  34|0x0000000082200000, 0x0000000082300000, 0x0000000082300000|100%| O|  |TAMS 0x0000000082200000| PB 0x0000000082200000| Untracked 
|  35|0x0000000082300000, 0x0000000082400000, 0x0000000082400000|100%| O|  |TAMS 0x0000000082300000| PB 0x0000000082300000| Untracked 
|  36|0x0000000082400000, 0x0000000082500000, 0x0000000082500000|100%| O|  |TAMS 0x0000000082400000| PB 0x0000000082400000| Untracked 
|  37|0x0000000082500000, 0x0000000082500000, 0x0000000082600000|  0%| F|  |TAMS 0x0000000082500000| PB 0x0000000082500000| Untracked 
|  38|0x0000000082600000, 0x00000000826ddb08, 0x0000000082700000| 86%| O|  |TAMS 0x0000000082600000| PB 0x0000000082600000| Untracked 
|  39|0x0000000082700000, 0x0000000082800000, 0x0000000082800000|100%| O|  |TAMS 0x0000000082700000| PB 0x0000000082700000| Untracked 
|  40|0x0000000082800000, 0x0000000082900000, 0x0000000082900000|100%| O|  |TAMS 0x0000000082800000| PB 0x0000000082800000| Untracked 
|  41|0x0000000082900000, 0x0000000082a00000, 0x0000000082a00000|100%| O|  |TAMS 0x0000000082900000| PB 0x0000000082900000| Untracked 
|  42|0x0000000082a00000, 0x0000000082a00000, 0x0000000082b00000|  0%| F|  |TAMS 0x0000000082a00000| PB 0x0000000082a00000| Untracked 
|  43|0x0000000082b00000, 0x0000000082b00000, 0x0000000082c00000|  0%| F|  |TAMS 0x0000000082b00000| PB 0x0000000082b00000| Untracked 
|  44|0x0000000082c00000, 0x0000000082c00000, 0x0000000082d00000|  0%| F|  |TAMS 0x0000000082c00000| PB 0x0000000082c00000| Untracked 
|  45|0x0000000082d00000, 0x0000000082d6eee0, 0x0000000082e00000| 43%| S|CS|TAMS 0x0000000082d00000| PB 0x0000000082d00000| Complete 
|  46|0x0000000082e00000, 0x0000000082e00000, 0x0000000082f00000|  0%| F|  |TAMS 0x0000000082e00000| PB 0x0000000082e00000| Untracked 
|  47|0x0000000082f00000, 0x0000000082f00000, 0x0000000083000000|  0%| F|  |TAMS 0x0000000082f00000| PB 0x0000000082f00000| Untracked 
|  48|0x0000000083000000, 0x0000000083000000, 0x0000000083100000|  0%| F|  |TAMS 0x0000000083000000| PB 0x0000000083000000| Untracked 
|  49|0x0000000083100000, 0x0000000083200000, 0x0000000083200000|100%| S|CS|TAMS 0x0000000083100000| PB 0x0000000083100000| Complete 
|  50|0x0000000083200000, 0x0000000083300000, 0x0000000083300000|100%| S|CS|TAMS 0x0000000083200000| PB 0x0000000083200000| Complete 
|  51|0x0000000083300000, 0x0000000083300000, 0x0000000083400000|  0%| F|  |TAMS 0x0000000083300000| PB 0x0000000083300000| Untracked 
|  52|0x0000000083400000, 0x0000000083400000, 0x0000000083500000|  0%| F|  |TAMS 0x0000000083400000| PB 0x0000000083400000| Untracked 
|  53|0x0000000083500000, 0x0000000083500000, 0x0000000083600000|  0%| F|  |TAMS 0x0000000083500000| PB 0x0000000083500000| Untracked 
|  54|0x0000000083600000, 0x0000000083600000, 0x0000000083700000|  0%| F|  |TAMS 0x0000000083600000| PB 0x0000000083600000| Untracked 
|  55|0x0000000083700000, 0x0000000083700000, 0x0000000083800000|  0%| F|  |TAMS 0x0000000083700000| PB 0x0000000083700000| Untracked 
|  56|0x0000000083800000, 0x0000000083800000, 0x0000000083900000|  0%| F|  |TAMS 0x0000000083800000| PB 0x0000000083800000| Untracked 
|  57|0x0000000083900000, 0x0000000083900000, 0x0000000083a00000|  0%| F|  |TAMS 0x0000000083900000| PB 0x0000000083900000| Untracked 
|  58|0x0000000083a00000, 0x0000000083a00000, 0x0000000083b00000|  0%| F|  |TAMS 0x0000000083a00000| PB 0x0000000083a00000| Untracked 
|  59|0x0000000083b00000, 0x0000000083b00000, 0x0000000083c00000|  0%| F|  |TAMS 0x0000000083b00000| PB 0x0000000083b00000| Untracked 
|  60|0x0000000083c00000, 0x0000000083c00000, 0x0000000083d00000|  0%| F|  |TAMS 0x0000000083c00000| PB 0x0000000083c00000| Untracked 
|  61|0x0000000083d00000, 0x0000000083d00000, 0x0000000083e00000|  0%| F|  |TAMS 0x0000000083d00000| PB 0x0000000083d00000| Untracked 
|  62|0x0000000083e00000, 0x0000000083e00000, 0x0000000083f00000|  0%| F|  |TAMS 0x0000000083e00000| PB 0x0000000083e00000| Untracked 
|  63|0x0000000083f00000, 0x0000000083f00000, 0x0000000084000000|  0%| F|  |TAMS 0x0000000083f00000| PB 0x0000000083f00000| Untracked 
|  64|0x0000000084000000, 0x0000000084000000, 0x0000000084100000|  0%| F|  |TAMS 0x0000000084000000| PB 0x0000000084000000| Untracked 
|  65|0x0000000084100000, 0x0000000084100000, 0x0000000084200000|  0%| F|  |TAMS 0x0000000084100000| PB 0x0000000084100000| Untracked 
| 104|0x0000000086800000, 0x0000000086800000, 0x0000000086900000|  0%| F|  |TAMS 0x0000000086800000| PB 0x0000000086800000| Untracked 
| 105|0x0000000086900000, 0x0000000086900000, 0x0000000086a00000|  0%| F|  |TAMS 0x0000000086900000| PB 0x0000000086900000| Untracked 
| 106|0x0000000086a00000, 0x0000000086a00000, 0x0000000086b00000|  0%| F|  |TAMS 0x0000000086a00000| PB 0x0000000086a00000| Untracked 
| 125|0x0000000087d00000, 0x0000000087d00000, 0x0000000087e00000|  0%| F|  |TAMS 0x0000000087d00000| PB 0x0000000087d00000| Untracked 

Card table byte_map: [0x0000019b42090000,0x0000019b42490000] _byte_map_base: 0x0000019b41c90000

Marking Bits: (CMBitMap*) 0x0000019b2fb91f60
 Bits: [0x0000019b42490000, 0x0000019b44490000)

Polling page: 0x0000019b2d920000

Metaspace:

Usage:
  Non-class:     57.95 MB used.
      Class:      9.56 MB used.
       Both:     67.51 MB used.

Virtual space:
  Non-class space:       64.00 MB reserved,      58.75 MB ( 92%) committed,  1 nodes.
      Class space:        1.00 GB reserved,      10.31 MB (  1%) committed,  1 nodes.
             Both:        1.06 GB reserved,      69.06 MB (  6%) committed. 

Chunk freelists:
   Non-Class:  4.81 MB
       Class:  5.66 MB
        Both:  10.48 MB

MaxMetaspaceSize: unlimited
CompressedClassSpaceSize: 1.00 GB
Initial GC threshold: 21.00 MB
Current GC threshold: 107.62 MB
CDS: off
 - commit_granule_bytes: 65536.
 - commit_granule_words: 8192.
 - virtual_space_node_default_size: 8388608.
 - enlarge_chunks_in_place: 1.
 - use_allocation_guard: 0.


Internal statistics:

num_allocs_failed_limit: 6.
num_arena_births: 3184.
num_arena_deaths: 0.
num_vsnodes_births: 2.
num_vsnodes_deaths: 0.
num_space_committed: 1105.
num_space_uncommitted: 0.
num_chunks_returned_to_freelist: 6.
num_chunks_taken_from_freelist: 6075.
num_chunk_merges: 6.
num_chunk_splits: 3914.
num_chunks_enlarged: 2371.
num_inconsistent_stats: 0.

CodeHeap 'non-profiled nmethods': size=120000Kb used=3144Kb max_used=3144Kb free=116855Kb
 bounds [0x0000019b3a760000, 0x0000019b3aa80000, 0x0000019b41c90000]
CodeHeap 'profiled nmethods': size=120000Kb used=9537Kb max_used=9537Kb free=110462Kb
 bounds [0x0000019b32c90000, 0x0000019b335f0000, 0x0000019b3a1c0000]
CodeHeap 'non-nmethods': size=5760Kb used=2741Kb max_used=2789Kb free=3019Kb
 bounds [0x0000019b3a1c0000, 0x0000019b3a490000, 0x0000019b3a760000]
CodeCache: size=245760Kb, used=15422Kb, max_used=15470Kb, free=230336Kb
 total_blobs=6068, nmethods=5180, adapters=792, full_count=0
Compilation: enabled, stopped_count=0, restarted_count=0

Compilation events (20 events):
Event: 15.548 Thread 0x0000019b46bbb040 6101       3       com.google.common.cache.LocalCache$Segment::newEntryArray (9 bytes)
Event: 15.548 Thread 0x0000019b46bbb040 nmethod 6101 0x0000019b335dc490 code [0x0000019b335dc640, 0x0000019b335dc948]
Event: 15.550 Thread 0x0000019b46bbb040 6102       3       java.lang.invoke.LambdaForm$Name::<init> (19 bytes)
Event: 15.551 Thread 0x0000019b46bbb040 nmethod 6102 0x0000019b335dca90 code [0x0000019b335dccc0, 0x0000019b335dd350]
Event: 15.649 Thread 0x0000019b46bbb040 6106       3       org.gradle.internal.reflect.PropertyAccessorType::of (101 bytes)
Event: 15.652 Thread 0x0000019b46bbb040 nmethod 6106 0x0000019b335dd690 code [0x0000019b335dda00, 0x0000019b335df018]
Event: 15.652 Thread 0x0000019b46bbb040 6111       2       org.gradle.internal.reflect.PropertyAccessorType::isSetterName (23 bytes)
Event: 15.652 Thread 0x0000019b50bcd3e0 6091       4       java.net.URLClassLoader$1::run (5 bytes)
Event: 15.653 Thread 0x0000019b46bbb040 nmethod 6111 0x0000019b335df710 code [0x0000019b335df8c0, 0x0000019b335dfa28]
Event: 15.653 Thread 0x0000019b46bbb040 6107       3       org.gradle.internal.reflect.PropertyAccessorType::isGetGetterName (23 bytes)
Event: 15.653 Thread 0x0000019b46bbb040 nmethod 6107 0x0000019b335dfb90 code [0x0000019b335dfd60, 0x0000019b335e0080]
Event: 15.653 Thread 0x0000019b46bbb040 6109       3       com.google.common.collect.ImmutableSet::builder (8 bytes)
Event: 15.653 Thread 0x0000019b46bbb040 nmethod 6109 0x0000019b335e0210 code [0x0000019b335e03e0, 0x0000019b335e0778]
Event: 15.653 Thread 0x0000019b46bbb040 6112       1       sun.reflect.generics.tree.ClassSignature::getFormalTypeParameters (5 bytes)
Event: 15.653 Thread 0x0000019b46bbb040 nmethod 6112 0x0000019b3aa71e10 code [0x0000019b3aa71fa0, 0x0000019b3aa72068]
Event: 15.660 Thread 0x0000019b46bbb040 6114       3       java.lang.invoke.Invokers$Holder::invokeExact_MT (23 bytes)
Event: 15.660 Thread 0x0000019b46bbb040 nmethod 6114 0x0000019b335e0910 code [0x0000019b335e0b20, 0x0000019b335e1108]
Event: 15.660 Thread 0x0000019b46bbb040 6115       3       java.util.TreeMap::<init> (20 bytes)
Event: 15.661 Thread 0x0000019b46bbb040 nmethod 6115 0x0000019b335e1310 code [0x0000019b335e14c0, 0x0000019b335e16c8]
Event: 15.667 Thread 0x0000019b46bbb040 6116       3       java.util.HashMap$TreeNode::find (172 bytes)

GC Heap History (20 events):
Event: 10.474 GC heap after
{Heap after GC invocations=11 (full 0):
 garbage-first heap   total 71680K, used 31707K [0x0000000080000000, 0x0000000100000000)
  region size 1024K, 3 young (3072K), 3 survivors (3072K)
 Metaspace       used 44855K, committed 45824K, reserved 1114112K
  class space    used 6154K, committed 6592K, reserved 1048576K
}
Event: 10.538 GC heap before
{Heap before GC invocations=11 (full 0):
 garbage-first heap   total 71680K, used 37851K [0x0000000080000000, 0x0000000100000000)
  region size 1024K, 7 young (7168K), 3 survivors (3072K)
 Metaspace       used 45096K, committed 46080K, reserved 1114112K
  class space    used 6173K, committed 6656K, reserved 1048576K
}
Event: 10.542 GC heap after
{Heap after GC invocations=12 (full 0):
 garbage-first heap   total 71680K, used 33826K [0x0000000080000000, 0x0000000100000000)
  region size 1024K, 1 young (1024K), 1 survivors (1024K)
 Metaspace       used 45096K, committed 46080K, reserved 1114112K
  class space    used 6173K, committed 6656K, reserved 1048576K
}
Event: 11.281 GC heap before
{Heap before GC invocations=13 (full 0):
 garbage-first heap   total 71680K, used 63522K [0x0000000080000000, 0x0000000100000000)
  region size 1024K, 28 young (28672K), 1 survivors (1024K)
 Metaspace       used 49014K, committed 50112K, reserved 1114112K
  class space    used 6713K, committed 7232K, reserved 1048576K
}
Event: 11.287 GC heap after
{Heap after GC invocations=14 (full 0):
 garbage-first heap   total 71680K, used 33807K [0x0000000080000000, 0x0000000100000000)
  region size 1024K, 3 young (3072K), 3 survivors (3072K)
 Metaspace       used 49014K, committed 50112K, reserved 1114112K
  class space    used 6713K, committed 7232K, reserved 1048576K
}
Event: 12.439 GC heap before
{Heap before GC invocations=14 (full 0):
 garbage-first heap   total 71680K, used 60431K [0x0000000080000000, 0x0000000100000000)
  region size 1024K, 30 young (30720K), 3 survivors (3072K)
 Metaspace       used 52435K, committed 53760K, reserved 1114112K
  class space    used 7287K, committed 7936K, reserved 1048576K
}
Event: 12.448 GC heap after
{Heap after GC invocations=15 (full 0):
 garbage-first heap   total 71680K, used 34972K [0x0000000080000000, 0x0000000100000000)
  region size 1024K, 4 young (4096K), 4 survivors (4096K)
 Metaspace       used 52435K, committed 53760K, reserved 1114112K
  class space    used 7287K, committed 7936K, reserved 1048576K
}
Event: 13.080 GC heap before
{Heap before GC invocations=15 (full 0):
 garbage-first heap   total 71680K, used 61596K [0x0000000080000000, 0x0000000100000000)
  region size 1024K, 31 young (31744K), 4 survivors (4096K)
 Metaspace       used 55590K, committed 56960K, reserved 1114112K
  class space    used 7815K, committed 8448K, reserved 1048576K
}
Event: 13.091 GC heap after
{Heap after GC invocations=16 (full 0):
 garbage-first heap   total 71680K, used 37681K [0x0000000080000000, 0x0000000100000000)
  region size 1024K, 4 young (4096K), 4 survivors (4096K)
 Metaspace       used 55590K, committed 56960K, reserved 1114112K
  class space    used 7815K, committed 8448K, reserved 1048576K
}
Event: 13.514 GC heap before
{Heap before GC invocations=16 (full 0):
 garbage-first heap   total 71680K, used 52017K [0x0000000080000000, 0x0000000100000000)
  region size 1024K, 19 young (19456K), 4 survivors (4096K)
 Metaspace       used 56881K, committed 58432K, reserved 1114112K
  class space    used 8003K, committed 8768K, reserved 1048576K
}
Event: 13.523 GC heap after
{Heap after GC invocations=17 (full 0):
 garbage-first heap   total 71680K, used 40508K [0x0000000080000000, 0x0000000100000000)
  region size 1024K, 3 young (3072K), 3 survivors (3072K)
 Metaspace       used 56881K, committed 58432K, reserved 1114112K
  class space    used 8003K, committed 8768K, reserved 1048576K
}
Event: 13.680 GC heap before
{Heap before GC invocations=18 (full 0):
 garbage-first heap   total 71680K, used 65084K [0x0000000080000000, 0x0000000100000000)
  region size 1024K, 25 young (25600K), 3 survivors (3072K)
 Metaspace       used 57890K, committed 59392K, reserved 1114112K
  class space    used 8044K, committed 8768K, reserved 1048576K
}
Event: 13.684 GC heap after
{Heap after GC invocations=19 (full 0):
 garbage-first heap   total 71680K, used 40579K [0x0000000080000000, 0x0000000100000000)
  region size 1024K, 1 young (1024K), 1 survivors (1024K)
 Metaspace       used 57890K, committed 59392K, reserved 1114112K
  class space    used 8044K, committed 8768K, reserved 1048576K
}
Event: 14.155 GC heap before
{Heap before GC invocations=19 (full 0):
 garbage-first heap   total 71680K, used 63107K [0x0000000080000000, 0x0000000100000000)
  region size 1024K, 23 young (23552K), 1 survivors (1024K)
 Metaspace       used 60288K, committed 61888K, reserved 1114112K
  class space    used 8424K, committed 9216K, reserved 1048576K
}
Event: 14.159 GC heap after
{Heap after GC invocations=20 (full 0):
 garbage-first heap   total 71680K, used 41439K [0x0000000080000000, 0x0000000100000000)
  region size 1024K, 2 young (2048K), 2 survivors (2048K)
 Metaspace       used 60288K, committed 61888K, reserved 1114112K
  class space    used 8424K, committed 9216K, reserved 1048576K
}
Event: 14.670 GC heap before
{Heap before GC invocations=20 (full 0):
 garbage-first heap   total 71680K, used 64991K [0x0000000080000000, 0x0000000100000000)
  region size 1024K, 25 young (25600K), 2 survivors (2048K)
 Metaspace       used 63574K, committed 65152K, reserved 1114112K
  class space    used 8901K, committed 9664K, reserved 1048576K
}
Event: 14.675 GC heap after
{Heap after GC invocations=21 (full 0):
 garbage-first heap   total 71680K, used 42355K [0x0000000080000000, 0x0000000100000000)
  region size 1024K, 3 young (3072K), 3 survivors (3072K)
 Metaspace       used 63574K, committed 65152K, reserved 1114112K
  class space    used 8901K, committed 9664K, reserved 1048576K
}
Event: 15.163 GC heap before
{Heap before GC invocations=22 (full 0):
 garbage-first heap   total 71680K, used 63859K [0x0000000080000000, 0x0000000100000000)
  region size 1024K, 24 young (24576K), 3 survivors (3072K)
 Metaspace       used 66525K, committed 68096K, reserved 1114112K
  class space    used 9361K, committed 10112K, reserved 1048576K
}
Event: 15.170 GC heap after
{Heap after GC invocations=23 (full 0):
 garbage-first heap   total 71680K, used 43937K [0x0000000080000000, 0x0000000100000000)
  region size 1024K, 3 young (3072K), 3 survivors (3072K)
 Metaspace       used 66525K, committed 68096K, reserved 1114112K
  class space    used 9361K, committed 10112K, reserved 1048576K
}
Event: 15.668 GC heap before
{Heap before GC invocations=23 (full 0):
 garbage-first heap   total 71680K, used 63393K [0x0000000080000000, 0x0000000100000000)
  region size 1024K, 22 young (22528K), 3 survivors (3072K)
 Metaspace       used 69129K, committed 70720K, reserved 1114112K
  class space    used 9785K, committed 10560K, reserved 1048576K
}

Dll operation events (3 events):
Event: 0.013 Loaded shared library C:\Program Files\Android\Android Studio\jbr\bin\java.dll
Event: 0.020 Loaded shared library C:\Program Files\Android\Android Studio\jbr\bin\zip.dll
Event: 0.895 Loaded shared library C:\Program Files\Android\Android Studio\jbr\bin\verify.dll

Deoptimization events (20 events):
Event: 15.438 Thread 0x0000019b4caecf80 Uncommon trap: trap_request=0xffffffde fr.pc=0x0000019b3a9a1318 relative=0x0000000000006058
Event: 15.438 Thread 0x0000019b4caecf80 Uncommon trap: reason=class_check action=maybe_recompile pc=0x0000019b3a9a1318 method=java.net.URLClassLoader.defineClass(Ljava/lang/String;Ljdk/internal/loader/Resource;)Ljava/lang/Class; @ 34 c2
Event: 15.439 Thread 0x0000019b4caecf80 DEOPT PACKING pc=0x0000019b3a9a1318 sp=0x00000018d40f8bd0
Event: 15.439 Thread 0x0000019b4caecf80 DEOPT UNPACKING pc=0x0000019b3a2146a2 sp=0x00000018d40f89c8 mode 2
Event: 15.441 Thread 0x0000019b4caecf80 Uncommon trap: trap_request=0xffffffde fr.pc=0x0000019b3a9a1318 relative=0x0000000000006058
Event: 15.441 Thread 0x0000019b4caecf80 Uncommon trap: reason=class_check action=maybe_recompile pc=0x0000019b3a9a1318 method=java.net.URLClassLoader.defineClass(Ljava/lang/String;Ljdk/internal/loader/Resource;)Ljava/lang/Class; @ 34 c2
Event: 15.441 Thread 0x0000019b4caecf80 DEOPT PACKING pc=0x0000019b3a9a1318 sp=0x00000018d40f8bd0
Event: 15.441 Thread 0x0000019b4caecf80 DEOPT UNPACKING pc=0x0000019b3a2146a2 sp=0x00000018d40f89c8 mode 2
Event: 15.444 Thread 0x0000019b4caecf80 Uncommon trap: trap_request=0xffffffde fr.pc=0x0000019b3a9b37bc relative=0x0000000000005a9c
Event: 15.444 Thread 0x0000019b4caecf80 Uncommon trap: reason=class_check action=maybe_recompile pc=0x0000019b3a9b37bc method=java.net.URLClassLoader.defineClass(Ljava/lang/String;Ljdk/internal/loader/Resource;)Ljava/lang/Class; @ 34 c2
Event: 15.444 Thread 0x0000019b4caecf80 DEOPT PACKING pc=0x0000019b3a9b37bc sp=0x00000018d40f8b30
Event: 15.444 Thread 0x0000019b4caecf80 DEOPT UNPACKING pc=0x0000019b3a2146a2 sp=0x00000018d40f8a70 mode 2
Event: 15.446 Thread 0x0000019b4caecf80 Uncommon trap: trap_request=0xffffffde fr.pc=0x0000019b3a9cacc8 relative=0x0000000000005ac8
Event: 15.447 Thread 0x0000019b4caecf80 Uncommon trap: reason=class_check action=maybe_recompile pc=0x0000019b3a9cacc8 method=java.net.URLClassLoader.defineClass(Ljava/lang/String;Ljdk/internal/loader/Resource;)Ljava/lang/Class; @ 34 c2
Event: 15.447 Thread 0x0000019b4caecf80 DEOPT PACKING pc=0x0000019b3a9cacc8 sp=0x00000018d40f8ac0
Event: 15.447 Thread 0x0000019b4caecf80 DEOPT UNPACKING pc=0x0000019b3a2146a2 sp=0x00000018d40f8a68 mode 2
Event: 15.648 Thread 0x0000019b4caecf80 Uncommon trap: trap_request=0xffffff45 fr.pc=0x0000019b3a9bc4b8 relative=0x0000000000000438
Event: 15.648 Thread 0x0000019b4caecf80 Uncommon trap: reason=unstable_if action=reinterpret pc=0x0000019b3a9bc4b8 method=org.gradle.internal.reflect.PropertyAccessorType.isGetGetterName(Ljava/lang/String;)Z @ 14 c2
Event: 15.648 Thread 0x0000019b4caecf80 DEOPT PACKING pc=0x0000019b3a9bc4b8 sp=0x00000018d40f9480
Event: 15.648 Thread 0x0000019b4caecf80 DEOPT UNPACKING pc=0x0000019b3a2146a2 sp=0x00000018d40f93d8 mode 2

Classes loaded (20 events):
Event: 15.355 Loading class java/io/ObjectStreamClass$1
Event: 15.355 Loading class java/io/ObjectStreamClass$1 done
Event: 15.355 Loading class java/io/ObjectStreamClass$MemberSignature
Event: 15.355 Loading class java/io/ObjectStreamClass$MemberSignature done
Event: 15.355 Loading class java/io/ObjectStreamClass$3
Event: 15.356 Loading class java/io/ObjectStreamClass$3 done
Event: 15.356 Loading class java/io/ObjectStreamClass$4
Event: 15.356 Loading class java/io/ObjectStreamClass$4 done
Event: 15.356 Loading class java/io/ObjectStreamClass$5
Event: 15.356 Loading class java/io/ObjectStreamClass$5 done
Event: 15.357 Loading class java/io/ObjectStreamClass$ClassDataSlot
Event: 15.357 Loading class java/io/ObjectStreamClass$ClassDataSlot done
Event: 15.365 Loading class java/io/SerialCallbackContext
Event: 15.365 Loading class java/io/SerialCallbackContext done
Event: 15.411 Loading class java/lang/invoke/SerializedLambda$1
Event: 15.412 Loading class java/lang/invoke/SerializedLambda$1 done
Event: 15.554 Loading class java/util/DualPivotQuicksort
Event: 15.554 Loading class java/util/DualPivotQuicksort done
Event: 15.642 Loading class java/util/function/LongUnaryOperator
Event: 15.642 Loading class java/util/function/LongUnaryOperator done

Classes unloaded (0 events):
No events

Classes redefined (0 events):
No events

Internal exceptions (20 events):
Event: 14.892 Thread 0x0000019b4caecf80 Exception <a 'java/lang/NoSuchMethodError'{0x0000000083d85588}: 'void java.lang.invoke.DirectMethodHandle$Holder.invokeStatic(java.lang.Object, java.lang.Object, java.lang.Object, java.lang.Object, java.lang.Object, java.lang.Object, java.lang.Object)'> (0x0000000083d85588) 
thrown [s\src\hotspot\share\interpreter\linkResolver.cpp, line 784]
Event: 15.322 Thread 0x0000019b4caecf80 Exception <a 'java/lang/NoSuchMethodError'{0x0000000083f7fdf0}: 'void java.lang.invoke.DelegatingMethodHandle$Holder.reinvoke_L(java.lang.Object, java.lang.Object, int)'> (0x0000000083f7fdf0) 
thrown [s\src\hotspot\share\interpreter\linkResolver.cpp, line 784]
Event: 15.322 Thread 0x0000019b4caecf80 Exception <a 'java/lang/NoSuchMethodError'{0x0000000083f87158}: 'int java.lang.invoke.Invokers$Holder.invokeExact_MT(java.lang.Object, java.lang.Object, java.lang.Object)'> (0x0000000083f87158) 
thrown [s\src\hotspot\share\interpreter\linkResolver.cpp, line 784]
Event: 15.326 Thread 0x0000019b4caecf80 Exception <a 'java/lang/NoSuchMethodError'{0x0000000083fa7a98}: 'void java.lang.invoke.DelegatingMethodHandle$Holder.reinvoke_L(java.lang.Object, java.lang.Object, long)'> (0x0000000083fa7a98) 
thrown [s\src\hotspot\share\interpreter\linkResolver.cpp, line 784]
Event: 15.327 Thread 0x0000019b4caecf80 Exception <a 'java/lang/NoSuchMethodError'{0x0000000083faf018}: 'long java.lang.invoke.Invokers$Holder.invokeExact_MT(java.lang.Object, java.lang.Object, java.lang.Object)'> (0x0000000083faf018) 
thrown [s\src\hotspot\share\interpreter\linkResolver.cpp, line 784]
Event: 15.356 Thread 0x0000019b4caa3e10 Exception <a 'java/lang/NoSuchMethodError'{0x0000000083d763b8}: static Lorg/gradle/internal/build/event/types/DefaultOperationStartedProgressEvent;.<clinit>()V> (0x0000000083d763b8) 
thrown [s\src\hotspot\share\prims\jni.cpp, line 1144]
Event: 15.356 Thread 0x0000019b4caa3e10 Exception <a 'java/lang/NoSuchMethodError'{0x0000000083d78d98}: static Lorg/gradle/internal/build/event/types/AbstractProgressEvent;.<clinit>()V> (0x0000000083d78d98) 
thrown [s\src\hotspot\share\prims\jni.cpp, line 1144]
Event: 15.359 Thread 0x0000019b4caa3e10 Exception <a 'java/lang/NoSuchMethodError'{0x0000000083d8e000}: static Lorg/gradle/internal/build/event/types/DefaultProjectConfigurationDescriptor;.<clinit>()V> (0x0000000083d8e000) 
thrown [s\src\hotspot\share\prims\jni.cpp, line 1144]
Event: 15.360 Thread 0x0000019b4caa3e10 Exception <a 'java/lang/NoSuchMethodError'{0x0000000083d90ec0}: static Lorg/gradle/internal/build/event/types/DefaultOperationDescriptor;.<clinit>()V> (0x0000000083d90ec0) 
thrown [s\src\hotspot\share\prims\jni.cpp, line 1144]
Event: 15.360 Thread 0x0000019b4caa3e10 Exception <a 'java/lang/NoSuchMethodError'{0x0000000083d955e8}: 'long java.lang.invoke.DirectMethodHandle$Holder.invokeSpecial(java.lang.Object, java.lang.Object)'> (0x0000000083d955e8) 
thrown [s\src\hotspot\share\interpreter\linkResolver.cpp, line 784]
Event: 15.361 Thread 0x0000019b4caa3e10 Exception <a 'java/lang/NoSuchMethodError'{0x0000000083d995c0}: 'long java.lang.invoke.Invokers$Holder.invokeExact_MT(java.lang.Object, java.lang.Object)'> (0x0000000083d995c0) 
thrown [s\src\hotspot\share\interpreter\linkResolver.cpp, line 784]
Event: 15.363 Thread 0x0000019b4caa3e10 Exception <a 'java/lang/NoSuchMethodError'{0x0000000083db53f8}: static Lorg/gradle/internal/operations/OperationIdentifier;.<clinit>()V> (0x0000000083db53f8) 
thrown [s\src\hotspot\share\prims\jni.cpp, line 1144]
Event: 15.395 Thread 0x0000019b4caecf80 Exception <a 'java/lang/NoSuchMethodError'{0x0000000083b0c540}: 'void java.lang.invoke.Invokers$Holder.invokeExact_MT(java.lang.Object, java.lang.Object, java.lang.Object, java.lang.Object)'> (0x0000000083b0c540) 
thrown [s\src\hotspot\share\interpreter\linkResolver.cpp, line 784]
Event: 15.399 Thread 0x0000019b4caecf80 Exception <a 'java/lang/ClassNotFoundException'{0x0000000083b498a8}: org/gradle/internal/serialize/codecs/core/ClosureCodec$BrokenScriptBeanInfo> (0x0000000083b498a8) 
thrown [s\src\hotspot\share\classfile\systemDictionary.cpp, line 312]
Event: 15.400 Thread 0x0000019b4caecf80 Exception <a 'java/lang/ClassNotFoundException'{0x0000000083b583d0}: org/gradle/internal/serialize/codecs/core/ClosureCodec$BrokenScriptCustomizer> (0x0000000083b583d0) 
thrown [s\src\hotspot\share\classfile\systemDictionary.cpp, line 312]
Event: 15.403 Thread 0x0000019b4caecf80 Exception <a 'java/lang/ClassNotFoundException'{0x0000000083b72828}: org/gradle/api/invocation/GradleBeanInfo> (0x0000000083b72828) 
thrown [s\src\hotspot\share\classfile\systemDictionary.cpp, line 312]
Event: 15.403 Thread 0x0000019b4caecf80 Exception <a 'java/lang/ClassNotFoundException'{0x0000000083b7e838}: org/gradle/api/invocation/GradleCustomizer> (0x0000000083b7e838) 
thrown [s\src\hotspot\share\classfile\systemDictionary.cpp, line 312]
Event: 15.407 Thread 0x0000019b4caecf80 Exception <a 'java/lang/NoSuchMethodError'{0x0000000083ba10a0}: 'void java.lang.invoke.Invokers$Holder.invokeExact_MT(java.lang.Object, java.lang.Object, int, java.lang.Object)'> (0x0000000083ba10a0) 
thrown [s\src\hotspot\share\interpreter\linkResolver.cpp, line 784]
Event: 15.415 Thread 0x0000019b4caecf80 Exception <a 'java/lang/NoSuchMethodError'{0x0000000083bd2c70}: 'void java.lang.invoke.Invokers$Holder.invokeExact_MT(java.lang.Object, java.lang.Object, long, java.lang.Object)'> (0x0000000083bd2c70) 
thrown [s\src\hotspot\share\interpreter\linkResolver.cpp, line 784]
Event: 15.642 Thread 0x0000019b4caecf80 Exception <a 'java/lang/NoSuchMethodError'{0x00000000834ff160}: 'long java.lang.invoke.DirectMethodHandle$Holder.invokeStatic(java.lang.Object, long)'> (0x00000000834ff160) 
thrown [s\src\hotspot\share\interpreter\linkResolver.cpp, line 784]

ZGC Phase Switch (0 events):
No events

VM Operations (20 events):
Event: 14.160 Executing VM operation: G1CollectForAllocation (G1 Evacuation Pause) done
Event: 14.532 Executing VM operation: HandshakeAllThreads (Deoptimize)
Event: 14.532 Executing VM operation: HandshakeAllThreads (Deoptimize) done
Event: 14.669 Executing VM operation: G1CollectForAllocation (G1 Evacuation Pause)
Event: 14.675 Executing VM operation: G1CollectForAllocation (G1 Evacuation Pause) done
Event: 14.776 Executing VM operation: G1PauseRemark
Event: 14.780 Executing VM operation: G1PauseRemark done
Event: 14.816 Executing VM operation: G1PauseCleanup
Event: 14.816 Executing VM operation: G1PauseCleanup done
Event: 14.902 Executing VM operation: HandshakeAllThreads (Deoptimize)
Event: 14.902 Executing VM operation: HandshakeAllThreads (Deoptimize) done
Event: 15.014 Executing VM operation: HandshakeAllThreads (Deoptimize)
Event: 15.014 Executing VM operation: HandshakeAllThreads (Deoptimize) done
Event: 15.163 Executing VM operation: G1CollectForAllocation (G1 Evacuation Pause)
Event: 15.170 Executing VM operation: G1CollectForAllocation (G1 Evacuation Pause) done
Event: 15.214 Executing VM operation: HandshakeAllThreads (Deoptimize)
Event: 15.214 Executing VM operation: HandshakeAllThreads (Deoptimize) done
Event: 15.355 Executing VM operation: HandshakeAllThreads (Deoptimize)
Event: 15.355 Executing VM operation: HandshakeAllThreads (Deoptimize) done
Event: 15.668 Executing VM operation: G1CollectForAllocation (G1 Evacuation Pause)

Memory protections (0 events):
No events

Nmethod flushes (20 events):
Event: 14.780 Thread 0x0000019b46b0dc10 flushing  nmethod 0x0000019b32f84610
Event: 14.780 Thread 0x0000019b46b0dc10 flushing  nmethod 0x0000019b32fb6890
Event: 14.780 Thread 0x0000019b46b0dc10 flushing  nmethod 0x0000019b32fe2b10
Event: 14.780 Thread 0x0000019b46b0dc10 flushing  nmethod 0x0000019b32fe9510
Event: 14.780 Thread 0x0000019b46b0dc10 flushing  nmethod 0x0000019b33037f90
Event: 14.780 Thread 0x0000019b46b0dc10 flushing  nmethod 0x0000019b3303b590
Event: 14.780 Thread 0x0000019b46b0dc10 flushing  nmethod 0x0000019b33043310
Event: 14.780 Thread 0x0000019b46b0dc10 flushing  nmethod 0x0000019b330a1290
Event: 14.780 Thread 0x0000019b46b0dc10 flushing  nmethod 0x0000019b330a1710
Event: 14.780 Thread 0x0000019b46b0dc10 flushing  nmethod 0x0000019b330ce990
Event: 14.780 Thread 0x0000019b46b0dc10 flushing  nmethod 0x0000019b3310d610
Event: 14.780 Thread 0x0000019b46b0dc10 flushing  nmethod 0x0000019b3310f490
Event: 14.780 Thread 0x0000019b46b0dc10 flushing  nmethod 0x0000019b3316b410
Event: 14.780 Thread 0x0000019b46b0dc10 flushing  nmethod 0x0000019b33202790
Event: 14.780 Thread 0x0000019b46b0dc10 flushing  nmethod 0x0000019b33206e90
Event: 14.780 Thread 0x0000019b46b0dc10 flushing  nmethod 0x0000019b33299e90
Event: 14.780 Thread 0x0000019b46b0dc10 flushing  nmethod 0x0000019b332f1f90
Event: 14.780 Thread 0x0000019b46b0dc10 flushing  nmethod 0x0000019b332f4810
Event: 14.780 Thread 0x0000019b46b0dc10 flushing  nmethod 0x0000019b33395310
Event: 14.780 Thread 0x0000019b46b0dc10 flushing  nmethod 0x0000019b33450510

Events (20 events):
Event: 9.403 Thread 0x0000019b4caecf80 Thread added: 0x0000019b4e17cb40
Event: 9.841 Thread 0x0000019b4fd54ae0 Thread exited: 0x0000019b4fd54ae0
Event: 10.077 Thread 0x0000019b46bbb040 Thread added: 0x0000019b4f4e8eb0
Event: 10.342 Thread 0x0000019b4caecf80 Thread added: 0x0000019b4e17b100
Event: 10.388 Thread 0x0000019b4caecf80 Thread added: 0x0000019b4e179d50
Event: 10.706 Thread 0x0000019b4caecf80 Thread added: 0x0000019b4e17b790
Event: 11.209 Thread 0x0000019b4caecf80 Thread added: 0x0000019b4e17d860
Event: 11.330 Thread 0x0000019b4caecf80 Thread added: 0x0000019b4e17a3e0
Event: 12.894 Thread 0x0000019b4caecf80 Thread added: 0x0000019b4e180650
Event: 12.897 Thread 0x0000019b4caecf80 Thread added: 0x0000019b4e17ffc0
Event: 12.900 Thread 0x0000019b4caecf80 Thread added: 0x0000019b4e17def0
Event: 12.973 Thread 0x0000019b4caecf80 Thread added: 0x0000019b4e180ce0
Event: 12.974 Thread 0x0000019b4caecf80 Thread added: 0x0000019b4e17e580
Event: 12.975 Thread 0x0000019b4caecf80 Thread added: 0x0000019b4e17ec10
Event: 13.157 Thread 0x0000019b4caecf80 Thread added: 0x0000019b4e17f2a0
Event: 13.279 Thread 0x0000019b4caecf80 Thread added: 0x0000019b4e6c3db0
Event: 13.282 Thread 0x0000019b4caecf80 Thread added: 0x0000019b4e6c4ad0
Event: 13.283 Thread 0x0000019b4caecf80 Thread added: 0x0000019b4e6c4440
Event: 15.299 Thread 0x0000019b4f4e8eb0 Thread exited: 0x0000019b4f4e8eb0
Event: 15.652 Thread 0x0000019b46bbb040 Thread added: 0x0000019b50bcd3e0


Dynamic libraries:
0x00007ff6016d0000 - 0x00007ff6016da000 	C:\Program Files\Android\Android Studio\jbr\bin\java.exe
0x00007ff8bfc40000 - 0x00007ff8bfea8000 	C:\WINDOWS\SYSTEM32\ntdll.dll
0x00007ff8be1d0000 - 0x00007ff8be299000 	C:\WINDOWS\System32\KERNEL32.DLL
0x00007ff8bcec0000 - 0x00007ff8bd2b2000 	C:\WINDOWS\System32\KERNELBASE.dll
0x00007ff8bd440000 - 0x00007ff8bd58b000 	C:\WINDOWS\System32\ucrtbase.dll
0x00007ff8692d0000 - 0x00007ff8692eb000 	C:\Program Files\Android\Android Studio\jbr\bin\VCRUNTIME140.dll
0x00007ff8a8dc0000 - 0x00007ff8a8dd8000 	C:\Program Files\Android\Android Studio\jbr\bin\jli.dll
0x00007ff8bec20000 - 0x00007ff8bede5000 	C:\WINDOWS\System32\USER32.dll
0x00007ff89c7a0000 - 0x00007ff89ca33000 	C:\WINDOWS\WinSxS\amd64_microsoft.windows.common-controls_6595b64144ccf1df_6.0.26100.6899_none_3e0efeeae32e88c1\COMCTL32.dll
0x00007ff8bce90000 - 0x00007ff8bceb7000 	C:\WINDOWS\System32\win32u.dll
0x00007ff8bf0f0000 - 0x00007ff8bf199000 	C:\WINDOWS\System32\msvcrt.dll
0x00007ff8bf700000 - 0x00007ff8bf72b000 	C:\WINDOWS\System32\GDI32.dll
0x00007ff8bd590000 - 0x00007ff8bd6bd000 	C:\WINDOWS\System32\gdi32full.dll
0x00007ff8bd750000 - 0x00007ff8bd7f3000 	C:\WINDOWS\System32\msvcp_win.dll
0x00007ff8bf1a0000 - 0x00007ff8bf1cf000 	C:\WINDOWS\System32\IMM32.DLL
0x00007ff88fad0000 - 0x00007ff88fadc000 	C:\Program Files\Android\Android Studio\jbr\bin\vcruntime140_1.dll
0x00007ff87bca0000 - 0x00007ff87bd2d000 	C:\Program Files\Android\Android Studio\jbr\bin\msvcp140.dll
0x00007ff802d40000 - 0x00007ff8039d6000 	C:\Program Files\Android\Android Studio\jbr\bin\server\jvm.dll
0x00007ff8bea00000 - 0x00007ff8beab4000 	C:\WINDOWS\System32\ADVAPI32.dll
0x00007ff8be0d0000 - 0x00007ff8be176000 	C:\WINDOWS\System32\sechost.dll
0x00007ff8bf1e0000 - 0x00007ff8bf2f8000 	C:\WINDOWS\System32\RPCRT4.dll
0x00007ff8bfb80000 - 0x00007ff8bfbf4000 	C:\WINDOWS\System32\WS2_32.dll
0x00007ff8bcc30000 - 0x00007ff8bcc8e000 	C:\WINDOWS\SYSTEM32\POWRPROF.dll
0x00007ff8a8f00000 - 0x00007ff8a8f35000 	C:\WINDOWS\SYSTEM32\WINMM.dll
0x00007ff8ae0b0000 - 0x00007ff8ae0bb000 	C:\WINDOWS\SYSTEM32\VERSION.dll
0x00007ff8bcc10000 - 0x00007ff8bcc24000 	C:\WINDOWS\SYSTEM32\UMPDC.dll
0x00007ff8bbb80000 - 0x00007ff8bbb9b000 	C:\WINDOWS\SYSTEM32\kernel.appcore.dll
0x00007ff88e290000 - 0x00007ff88e29a000 	C:\Program Files\Android\Android Studio\jbr\bin\jimage.dll
0x00007ff8a9350000 - 0x00007ff8a9592000 	C:\WINDOWS\SYSTEM32\DBGHELP.DLL
0x00007ff8bf800000 - 0x00007ff8bfb7b000 	C:\WINDOWS\System32\combase.dll
0x00007ff8bf010000 - 0x00007ff8bf0e7000 	C:\WINDOWS\System32\OLEAUT32.dll
0x00007ff88f590000 - 0x00007ff88f5cc000 	C:\WINDOWS\SYSTEM32\dbgcore.DLL
0x00007ff8bd970000 - 0x00007ff8bda08000 	C:\WINDOWS\System32\bcryptPrimitives.dll
0x00007ff8b1ba0000 - 0x00007ff8b1bae000 	C:\Program Files\Android\Android Studio\jbr\bin\instrument.dll
0x00007ff869100000 - 0x00007ff869120000 	C:\Program Files\Android\Android Studio\jbr\bin\java.dll
0x00007ff8683a0000 - 0x00007ff8683b8000 	C:\Program Files\Android\Android Studio\jbr\bin\zip.dll
0x00007ff8be2a0000 - 0x00007ff8be9ed000 	C:\WINDOWS\System32\SHELL32.dll
0x00007ff8bd800000 - 0x00007ff8bd96b000 	C:\WINDOWS\System32\wintypes.dll
0x00007ff8baa00000 - 0x00007ff8bb25d000 	C:\WINDOWS\SYSTEM32\windows.storage.dll
0x00007ff8bdf30000 - 0x00007ff8be022000 	C:\WINDOWS\System32\SHCORE.dll
0x00007ff8bee00000 - 0x00007ff8bee62000 	C:\WINDOWS\System32\shlwapi.dll
0x00007ff8bccf0000 - 0x00007ff8bcd19000 	C:\WINDOWS\SYSTEM32\profapi.dll
0x00007ff88d640000 - 0x00007ff88d650000 	C:\Program Files\Android\Android Studio\jbr\bin\net.dll
0x00007ff8af050000 - 0x00007ff8af16f000 	C:\WINDOWS\SYSTEM32\WINHTTP.dll
0x00007ff8bc110000 - 0x00007ff8bc17b000 	C:\WINDOWS\system32\mswsock.dll
0x00007ff8651e0000 - 0x00007ff8651f6000 	C:\Program Files\Android\Android Studio\jbr\bin\nio.dll
0x00007ff887800000 - 0x00007ff887810000 	C:\Program Files\Android\Android Studio\jbr\bin\verify.dll
0x00007ff8a7a10000 - 0x00007ff8a7a37000 	C:\Users\mariem\.gradle\native\1def1411415f61bf3af743bc5b6707747c0891f09f0c88961ee8f79bc544acac\windows-amd64\native-platform.dll
0x00007ff887810000 - 0x00007ff887888000 	C:\Users\mariem\.gradle\native\0.2.7\x86_64-windows-gnu\gradle-fileevents.dll
0x00007ff8894c0000 - 0x00007ff8894c9000 	C:\Program Files\Android\Android Studio\jbr\bin\management.dll
0x00007ff887b50000 - 0x00007ff887b5b000 	C:\Program Files\Android\Android Studio\jbr\bin\management_ext.dll
0x00007ff8bdf20000 - 0x00007ff8bdf28000 	C:\WINDOWS\System32\PSAPI.DLL
0x00007ff8bb5c0000 - 0x00007ff8bb5f4000 	C:\WINDOWS\SYSTEM32\IPHLPAPI.DLL
0x00007ff8be9f0000 - 0x00007ff8be9fa000 	C:\WINDOWS\System32\NSI.dll
0x00007ff889620000 - 0x00007ff889629000 	C:\Program Files\Android\Android Studio\jbr\bin\extnet.dll
0x00007ff8bc3c0000 - 0x00007ff8bc3db000 	C:\WINDOWS\SYSTEM32\CRYPTSP.dll
0x00007ff8bbad0000 - 0x00007ff8bbb0b000 	C:\WINDOWS\system32\rsaenh.dll
0x00007ff8bc1b0000 - 0x00007ff8bc1db000 	C:\WINDOWS\SYSTEM32\USERENV.dll
0x00007ff8bccc0000 - 0x00007ff8bcce6000 	C:\WINDOWS\SYSTEM32\bcrypt.dll
0x00007ff8bc3e0000 - 0x00007ff8bc3ec000 	C:\WINDOWS\SYSTEM32\CRYPTBASE.dll
0x00007ff889790000 - 0x00007ff889798000 	C:\WINDOWS\system32\wshunix.dll

JVMTI agents:
C:\Users\mariem\.gradle\wrapper\dists\gradle-8.13-bin\5xuhj0ry160q40clulazy9h7d\gradle-8.13\lib\agents\gradle-instrumentation-agent-8.13.jar path:C:\Program Files\Android\Android Studio\jbr\bin\instrument.dll, loaded, initialized, instrumentlib options:none

dbghelp: loaded successfully - version: 4.0.5 - missing functions: none
symbol engine: initialized successfully - sym options: 0x614 - pdb path: .;C:\Program Files\Android\Android Studio\jbr\bin;C:\WINDOWS\SYSTEM32;C:\WINDOWS\WinSxS\amd64_microsoft.windows.common-controls_6595b64144ccf1df_6.0.26100.6899_none_3e0efeeae32e88c1;C:\Program Files\Android\Android Studio\jbr\bin\server;C:\Users\mariem\.gradle\native\1def1411415f61bf3af743bc5b6707747c0891f09f0c88961ee8f79bc544acac\windows-amd64;C:\Users\mariem\.gradle\native\0.2.7\x86_64-windows-gnu

VM Arguments:
jvm_args: --add-opens=java.base/java.lang=ALL-UNNAMED --add-opens=java.base/java.lang.invoke=ALL-UNNAMED --add-opens=java.base/java.util=ALL-UNNAMED --add-opens=java.prefs/java.util.prefs=ALL-UNNAMED --add-exports=jdk.compiler/com.sun.tools.javac.api=ALL-UNNAMED --add-exports=jdk.compiler/com.sun.tools.javac.util=ALL-UNNAMED --add-opens=java.base/java.util=ALL-UNNAMED --add-opens=java.prefs/java.util.prefs=ALL-UNNAMED --add-opens=java.base/java.nio.charset=ALL-UNNAMED --add-opens=java.base/java.net=ALL-UNNAMED --add-opens=java.base/java.util.concurrent.atomic=ALL-UNNAMED --add-opens=java.xml/javax.xml.namespace=ALL-UNNAMED -Xmx2048m -Dfile.encoding=UTF-8 -Duser.country=FR -Duser.language=fr -Duser.variant -javaagent:C:\Users\mariem\.gradle\wrapper\dists\gradle-8.13-bin\5xuhj0ry160q40clulazy9h7d\gradle-8.13\lib\agents\gradle-instrumentation-agent-8.13.jar 
java_command: org.gradle.launcher.daemon.bootstrap.GradleDaemon 8.13
java_class_path (initial): C:\Users\mariem\.gradle\wrapper\dists\gradle-8.13-bin\5xuhj0ry160q40clulazy9h7d\gradle-8.13\lib\gradle-daemon-main-8.13.jar
Launcher Type: SUN_STANDARD

[Global flags]
     intx CICompilerCount                          = 3                                         {product} {ergonomic}
     uint ConcGCThreads                            = 1                                         {product} {ergonomic}
     uint G1ConcRefinementThreads                  = 4                                         {product} {ergonomic}
   size_t G1HeapRegionSize                         = 1048576                                   {product} {ergonomic}
    uintx GCDrainStackTargetSize                   = 64                                        {product} {ergonomic}
   size_t InitialHeapSize                          = 132120576                                 {product} {ergonomic}
   size_t MarkStackSize                            = 4194304                                   {product} {ergonomic}
   size_t MaxHeapSize                              = 2147483648                                {product} {command line}
   size_t MaxNewSize                               = 1287651328                                {product} {ergonomic}
   size_t MinHeapDeltaBytes                        = 1048576                                   {product} {ergonomic}
   size_t MinHeapSize                              = 8388608                                   {product} {ergonomic}
    uintx NonNMethodCodeHeapSize                   = 5832780                                {pd product} {ergonomic}
    uintx NonProfiledCodeHeapSize                  = 122912730                              {pd product} {ergonomic}
    uintx ProfiledCodeHeapSize                     = 122912730                              {pd product} {ergonomic}
    uintx ReservedCodeCacheSize                    = 251658240                              {pd product} {ergonomic}
     bool SegmentedCodeCache                       = true                                      {product} {ergonomic}
   size_t SoftMaxHeapSize                          = 2147483648                             {manageable} {ergonomic}
     bool UseCompressedOops                        = true                           {product lp64_product} {ergonomic}
     bool UseG1GC                                  = true                                      {product} {ergonomic}
     bool UseLargePagesIndividualAllocation        = false                                  {pd product} {ergonomic}

Logging:
Log output configuration:
 #0: stdout all=warning uptime,level,tags foldmultilines=false
 #1: stderr all=off uptime,level,tags foldmultilines=false

Environment Variables:
JAVA_HOME=C:\Users\mariem\Downloads\jdk-23_windows-x64_bin\jdk-23.0.1
PATH=C:\Windows\System32\HWAudioDriverLibs;C:\Windows\system32;C:\Windows;C:\Windows\System32\Wbem;C:\Windows\System32\WindowsPowerShell\v1.0\;C:\Windows\System32\OpenSSH\;C:\Windows\system32\config\systemprofile\AppData\Local\Microsoft\WindowsApps;C:\WINDOWS\system32;C:\WINDOWS;C:\WINDOWS\System32\Wbem;C:\WINDOWS\System32\WindowsPowerShell\v1.0\;C:\WINDOWS\System32\OpenSSH\;C:\Program Files\Java\jdk-23\bin;C:\Program Files\dotnet\;C:\Users\mariem\Downloads\jdk-23_windows-x64_bin.zip;C:\Users\mariem\AppData\Local\Programs\Microsoft VS Code\bin;C:\MinGW\bin;C:\Users\mariem\Downloads\jdk-23_windows-x64_bin\jdk-23.0.1\bin;;C:\Users\mariem\AppData\Local\Microsoft\WindowsApps
USERNAME=mariem
OS=Windows_NT
PROCESSOR_IDENTIFIER=Intel64 Family 6 Model 142 Stepping 12, GenuineIntel
TMP=C:\Users\mariem\AppData\Local\Temp
TEMP=C:\Users\mariem\AppData\Local\Temp




Periodic native trim disabled

JNI global refs:
JNI global refs: 25, weak refs: 4

JNI global refs memory usage: 835, weak refs: 833

Process memory usage:
Resident Set Size: 265176K (3% of 8218416K total physical memory with 641576K free physical memory)

OOME stack traces (most recent first):
Classloader memory used:
Loader org.gradle.internal.classloader.VisitableURLClassLoader                         : 36099K
Loader bootstrap                                                                       : 23041K
Loader org.gradle.initialization.MixInLegacyTypesClassLoader                           : 8941K
Loader jdk.internal.loader.ClassLoaders$PlatformClassLoader                            : 544K
Loader jdk.internal.loader.ClassLoaders$AppClassLoader                                 : 235K
Loader org.gradle.groovy.scripts.internal.DefaultScriptCompilationHandler$ScriptClassLoader: 99880B
Loader org.gradle.internal.classloader.VisitableURLClassLoader                         : 75352B
Loader jdk.internal.reflect.DelegatingClassLoader                                      : 68896B
Loader org.gradle.internal.classloader.VisitableURLClassLoader$InstrumentingVisitableURLClassLoader: 18552B
Loader org.codehaus.groovy.runtime.callsite.CallSiteClassLoader                        : 10160B

Classes loaded by more than one classloader:
Class org.gradle.internal.classloader.FilteringClassLoader                            : loaded 2 times (x 105B)
Class org.gradle.internal.classloader.ClassLoaderHierarchy                            : loaded 2 times (x 70B)
Class org.gradle.api.internal.classpath.ManifestUtil                                  : loaded 2 times (x 71B)
Class org.gradle.internal.classloader.DefaultClassLoaderFactory                       : loaded 2 times (x 82B)
Class org.gradle.internal.classloader.ClassLoaderVisitor                              : loaded 2 times (x 76B)
Class org.gradle.api.internal.classpath.EffectiveClassPath                            : loaded 2 times (x 90B)
Class org.gradle.api.internal.DefaultClassPathProvider                                : loaded 2 times (x 76B)
Class [Lorg.gradle.api.internal.ClassPathProvider;                                    : loaded 2 times (x 69B)
Class org.gradle.api.internal.ClassPathProvider                                       : loaded 2 times (x 70B)
Class org.gradle.internal.service.UnknownServiceException                             : loaded 2 times (x 83B)
Class ijKotlinCoroutineJvmDebugInit1_86yuddib9v034hx81qawqkrmq                        : loaded 2 times (x 179B)
Class org.gradle.internal.classpath.TransformedClassPath                              : loaded 2 times (x 96B)
Class org.gradle.internal.classloader.InstrumentingClassLoader                        : loaded 2 times (x 70B)
Class org.gradle.internal.service.ServiceLocator                                      : loaded 2 times (x 70B)
Class org.gradle.internal.InternalTransformer                                         : loaded 2 times (x 70B)
Class org.gradle.internal.classloader.ClasspathUtil$1                                 : loaded 2 times (x 76B)
Class org.gradle.api.internal.classpath.DefaultModuleRegistry$DefaultModule           : loaded 2 times (x 86B)
Class org.gradle.api.internal.classpath.Module                                        : loaded 2 times (x 70B)
Class org.gradle.api.internal.classpath.UnknownModuleException                        : loaded 2 times (x 82B)
Class org.gradle.api.internal.DefaultClassPathRegistry                                : loaded 2 times (x 76B)
Class org.gradle.api.internal.ClassPathRegistry                                       : loaded 2 times (x 70B)
Class org.gradle.internal.classpath.DefaultClassPath$ImmutableUniqueList              : loaded 2 times (x 199B)
Class ijJvmDebugger1_4s7i2dowe3453latlpfv4tinu                                        : loaded 2 times (x 179B)
Class Settings_gradle$1                                                               : loaded 2 times (x 75B)
Class Program                                                                         : loaded 2 times (x 72B)
Class org.gradle.internal.classpath.ClassPath                                         : loaded 2 times (x 70B)
Class org.gradle.api.UncheckedIOException                                             : loaded 2 times (x 82B)
Class org.gradle.internal.installation.GradleInstallation$1                           : loaded 2 times (x 75B)
Class org.gradle.api.internal.classpath.ModuleRegistry                                : loaded 2 times (x 70B)
Class org.gradle.api.internal.classpath.DefaultModuleRegistry                         : loaded 2 times (x 86B)
Class ijJvmDebugger1_4s7i2dowe3453latlpfv4tinu$_run_closure1                          : loaded 2 times (x 139B)
Class org.gradle.internal.service.ServiceLookupException                              : loaded 2 times (x 82B)
Class ijKotlinCoroutineJvmDebugInit1_86yuddib9v034hx81qawqkrmq$_run_closure1          : loaded 2 times (x 139B)
Class org.gradle.internal.classloader.ClassLoaderFactory                              : loaded 2 times (x 70B)
Class org.gradle.internal.service.CachingServiceLocator                               : loaded 2 times (x 82B)
Class org.gradle.internal.classloader.ClasspathUtil                                   : loaded 2 times (x 71B)
Class org.gradle.api.specs.Spec                                                       : loaded 2 times (x 70B)
Class org.gradle.internal.classloader.VisitableURLClassLoader$InstrumentingVisitableURLClassLoader: loaded 2 times (x 123B)
Class org.gradle.internal.classloader.VisitableURLClassLoader$Spec                    : loaded 2 times (x 74B)
Class org.gradle.internal.classpath.DefaultClassPath                                  : loaded 2 times (x 90B)
Class org.gradle.internal.classloader.ClassLoaderSpec                                 : loaded 2 times (x 71B)
Class Settings_gradle$1$1                                                             : loaded 2 times (x 75B)
Class org.gradle.internal.classloader.VisitableURLClassLoader                         : loaded 2 times (x 117B)
Class Settings_gradle                                                                 : loaded 2 times (x 128B)
Class org.gradle.internal.Cast                                                        : loaded 2 times (x 71B)
Class org.gradle.api.Action                                                           : loaded 2 times (x 70B)
Class org.gradle.internal.classpath.DefaultClassPath$ImmutableUniqueList$Builder      : loaded 2 times (x 75B)
Class org.gradle.api.GradleException                                                  : loaded 2 times (x 82B)
Class org.gradle.internal.IoActions                                                   : loaded 2 times (x 71B)
Class org.gradle.internal.classloader.SystemClassLoaderSpec                           : loaded 2 times (x 71B)
Class org.gradle.api.internal.classpath.GlobalCacheRootsProvider                      : loaded 2 times (x 70B)
Class Settings_gradle$1$1$1                                                           : loaded 2 times (x 75B)
Class org.gradle.internal.installation.CurrentGradleInstallationLocator               : loaded 2 times (x 71B)
Class org.gradle.internal.service.DefaultServiceLocator                               : loaded 2 times (x 83B)
Class org.gradle.internal.installation.CurrentGradleInstallation                      : loaded 2 times (x 73B)
Class org.gradle.util.internal.GUtil                                                  : loaded 2 times (x 71B)
Class org.gradle.internal.installation.GradleInstallation                             : loaded 2 times (x 75B)

---------------  S Y S T E M  ---------------

OS:
 Windows 11 , 64 bit Build 26100 (10.0.26100.6725)
OS uptime: 10 days 20:02 hours
Hyper-V role detected

CPU: total 4 (initial active 4) (2 cores per cpu, 2 threads per core) family 6 model 142 stepping 12 microcode 0xde, cx8, cmov, fxsr, ht, mmx, 3dnowpref, sse, sse2, sse3, ssse3, sse4.1, sse4.2, popcnt, lzcnt, tsc, tscinvbit, avx, avx2, aes, erms, clmul, bmi1, bmi2, adx, fma, vzeroupper, clflush, clflushopt, hv, rdtscp, f16c
Processor Information for processor 0
  Max Mhz: 2592, Current Mhz: 1495, Mhz Limit: 2073
Processor Information for processor 1
  Max Mhz: 2592, Current Mhz: 2592, Mhz Limit: 2073
Processor Information for processor 2
  Max Mhz: 2592, Current Mhz: 1495, Mhz Limit: 2073
Processor Information for processor 3
  Max Mhz: 2592, Current Mhz: 1495, Mhz Limit: 2073

Memory: 4k page, system-wide physical 8025M (626M free)
TotalPageFile size 20679M (AvailPageFile size 35M)
current process WorkingSet (physical memory assigned to process): 260M, peak: 276M
current process commit charge ("private bytes"): 288M, peak: 321M

vm_info: OpenJDK 64-Bit Server VM (21.0.8+-14018985-b1038.68) for windows-amd64 JRE (21.0.8+-14018985-b1038.68), built on 2025-08-29T19:56:34Z by "builder" with MS VC++ 16.10 / 16.11 (VS2019)

END.
